{"E:\\project\\bitcoin-china-community\\src\\App.tsx": {"path":"E:\\project\\bitcoin-china-community\\src\\App.tsx","statementMap":{"0":{"start":{"line":8,"column":13},"end":{"line":8,"column":47}},"1":{"start":{"line":8,"column":24},"end":{"line":8,"column":46}},"2":{"start":{"line":9,"column":14},"end":{"line":9,"column":49}},"3":{"start":{"line":9,"column":25},"end":{"line":9,"column":48}},"4":{"start":{"line":10,"column":17},"end":{"line":10,"column":55}},"5":{"start":{"line":10,"column":28},"end":{"line":10,"column":54}},"6":{"start":{"line":11,"column":16},"end":{"line":11,"column":53}},"7":{"start":{"line":11,"column":27},"end":{"line":11,"column":52}},"8":{"start":{"line":12,"column":21},"end":{"line":12,"column":63}},"9":{"start":{"line":12,"column":32},"end":{"line":12,"column":62}},"10":{"start":{"line":13,"column":18},"end":{"line":13,"column":57}},"11":{"start":{"line":13,"column":29},"end":{"line":13,"column":56}},"12":{"start":{"line":14,"column":23},"end":{"line":14,"column":67}},"13":{"start":{"line":14,"column":34},"end":{"line":14,"column":66}},"14":{"start":{"line":15,"column":18},"end":{"line":15,"column":57}},"15":{"start":{"line":15,"column":29},"end":{"line":15,"column":56}},"16":{"start":{"line":16,"column":23},"end":{"line":16,"column":67}},"17":{"start":{"line":16,"column":34},"end":{"line":16,"column":66}},"18":{"start":{"line":17,"column":13},"end":{"line":17,"column":47}},"19":{"start":{"line":17,"column":24},"end":{"line":17,"column":46}},"20":{"start":{"line":18,"column":12},"end":{"line":18,"column":45}},"21":{"start":{"line":18,"column":23},"end":{"line":18,"column":44}},"22":{"start":{"line":19,"column":16},"end":{"line":19,"column":53}},"23":{"start":{"line":19,"column":27},"end":{"line":19,"column":52}},"24":{"start":{"line":20,"column":16},"end":{"line":20,"column":53}},"25":{"start":{"line":20,"column":27},"end":{"line":20,"column":52}},"26":{"start":{"line":23,"column":23},"end":{"line":29,"column":null}},"27":{"start":{"line":24,"column":2},"end":{"line":28,"column":null}},"28":{"start":{"line":34,"column":16},"end":{"line":34,"column":25}},"29":{"start":{"line":36,"column":2},"end":{"line":59,"column":4}},"30":{"start":{"line":63,"column":16},"end":{"line":63,"column":25}},"31":{"start":{"line":64,"column":48},"end":{"line":64,"column":63}},"32":{"start":{"line":65,"column":36},"end":{"line":65,"column":50}},"33":{"start":{"line":67,"column":2},"end":{"line":77,"column":9}},"34":{"start":{"line":69,"column":4},"end":{"line":69,"column":21}},"35":{"start":{"line":72,"column":18},"end":{"line":74,"column":11}},"36":{"start":{"line":73,"column":6},"end":{"line":73,"column":26}},"37":{"start":{"line":76,"column":4},"end":{"line":76,"column":37}},"38":{"start":{"line":76,"column":17},"end":{"line":76,"column":36}},"39":{"start":{"line":79,"column":17},"end":{"line":81,"column":3}},"40":{"start":{"line":80,"column":4},"end":{"line":80,"column":30}},"41":{"start":{"line":83,"column":2},"end":{"line":85,"column":3}},"42":{"start":{"line":84,"column":4},"end":{"line":84,"column":30}},"43":{"start":{"line":87,"column":2},"end":{"line":93,"column":4}},"44":{"start":{"line":97,"column":2},"end":{"line":101,"column":4}}},"fnMap":{"0":{"name":"(anonymous_0)","decl":{"start":{"line":8,"column":18},"end":{"line":8,"column":21}},"loc":{"start":{"line":8,"column":24},"end":{"line":8,"column":46}}},"1":{"name":"(anonymous_1)","decl":{"start":{"line":9,"column":19},"end":{"line":9,"column":22}},"loc":{"start":{"line":9,"column":25},"end":{"line":9,"column":48}}},"2":{"name":"(anonymous_2)","decl":{"start":{"line":10,"column":22},"end":{"line":10,"column":25}},"loc":{"start":{"line":10,"column":28},"end":{"line":10,"column":54}}},"3":{"name":"(anonymous_3)","decl":{"start":{"line":11,"column":21},"end":{"line":11,"column":24}},"loc":{"start":{"line":11,"column":27},"end":{"line":11,"column":52}}},"4":{"name":"(anonymous_4)","decl":{"start":{"line":12,"column":26},"end":{"line":12,"column":29}},"loc":{"start":{"line":12,"column":32},"end":{"line":12,"column":62}}},"5":{"name":"(anonymous_5)","decl":{"start":{"line":13,"column":23},"end":{"line":13,"column":26}},"loc":{"start":{"line":13,"column":29},"end":{"line":13,"column":56}}},"6":{"name":"(anonymous_6)","decl":{"start":{"line":14,"column":28},"end":{"line":14,"column":31}},"loc":{"start":{"line":14,"column":34},"end":{"line":14,"column":66}}},"7":{"name":"(anonymous_7)","decl":{"start":{"line":15,"column":23},"end":{"line":15,"column":26}},"loc":{"start":{"line":15,"column":29},"end":{"line":15,"column":56}}},"8":{"name":"(anonymous_8)","decl":{"start":{"line":16,"column":28},"end":{"line":16,"column":31}},"loc":{"start":{"line":16,"column":34},"end":{"line":16,"column":66}}},"9":{"name":"(anonymous_9)","decl":{"start":{"line":17,"column":18},"end":{"line":17,"column":21}},"loc":{"start":{"line":17,"column":24},"end":{"line":17,"column":46}}},"10":{"name":"(anonymous_10)","decl":{"start":{"line":18,"column":17},"end":{"line":18,"column":20}},"loc":{"start":{"line":18,"column":23},"end":{"line":18,"column":44}}},"11":{"name":"(anonymous_11)","decl":{"start":{"line":19,"column":21},"end":{"line":19,"column":24}},"loc":{"start":{"line":19,"column":27},"end":{"line":19,"column":52}}},"12":{"name":"(anonymous_12)","decl":{"start":{"line":20,"column":21},"end":{"line":20,"column":24}},"loc":{"start":{"line":20,"column":27},"end":{"line":20,"column":52}}},"13":{"name":"(anonymous_13)","decl":{"start":{"line":23,"column":23},"end":{"line":23,"column":26}},"loc":{"start":{"line":24,"column":2},"end":{"line":28,"column":null}}},"14":{"name":"AppRoutes","decl":{"start":{"line":33,"column":9},"end":{"line":33,"column":18}},"loc":{"start":{"line":33,"column":18},"end":{"line":60,"column":1}}},"15":{"name":"AppContent","decl":{"start":{"line":62,"column":9},"end":{"line":62,"column":19}},"loc":{"start":{"line":62,"column":19},"end":{"line":94,"column":1}}},"16":{"name":"(anonymous_16)","decl":{"start":{"line":67,"column":12},"end":{"line":67,"column":15}},"loc":{"start":{"line":67,"column":17},"end":{"line":77,"column":3}}},"17":{"name":"(anonymous_17)","decl":{"start":{"line":72,"column":29},"end":{"line":72,"column":32}},"loc":{"start":{"line":72,"column":34},"end":{"line":74,"column":5}}},"18":{"name":"(anonymous_18)","decl":{"start":{"line":76,"column":11},"end":{"line":76,"column":14}},"loc":{"start":{"line":76,"column":17},"end":{"line":76,"column":36}}},"19":{"name":"(anonymous_19)","decl":{"start":{"line":79,"column":17},"end":{"line":79,"column":20}},"loc":{"start":{"line":79,"column":22},"end":{"line":81,"column":3}}},"20":{"name":"App","decl":{"start":{"line":96,"column":24},"end":{"line":96,"column":27}},"loc":{"start":{"line":96,"column":27},"end":{"line":102,"column":1}}}},"branchMap":{"0":{"loc":{"start":{"line":83,"column":2},"end":{"line":85,"column":3}},"type":"if","locations":[{"start":{"line":83,"column":2},"end":{"line":85,"column":3}}]}},"s":{"0":0,"1":0,"2":0,"3":0,"4":0,"5":0,"6":0,"7":0,"8":0,"9":0,"10":0,"11":0,"12":0,"13":0,"14":0,"15":0,"16":0,"17":0,"18":0,"19":0,"20":0,"21":0,"22":0,"23":0,"24":0,"25":0,"26":0,"27":0,"28":0,"29":0,"30":0,"31":0,"32":0,"33":0,"34":0,"35":0,"36":0,"37":0,"38":0,"39":0,"40":0,"41":0,"42":0,"43":0,"44":0},"f":{"0":0,"1":0,"2":0,"3":0,"4":0,"5":0,"6":0,"7":0,"8":0,"9":0,"10":0,"11":0,"12":0,"13":0,"14":0,"15":0,"16":0,"17":0,"18":0,"19":0,"20":0},"b":{"0":[0]}}
,"E:\\project\\bitcoin-china-community\\src\\components\\DigitCaptcha.tsx": {"path":"E:\\project\\bitcoin-china-community\\src\\components\\DigitCaptcha.tsx","statementMap":{"0":{"start":{"line":6,"column":24},"end":{"line":66,"column":1}},"1":{"start":{"line":8,"column":15},"end":{"line":8,"column":84}},"2":{"start":{"line":8,"column":44},"end":{"line":8,"column":74}},"3":{"start":{"line":11,"column":16},"end":{"line":11,"column":19}},"4":{"start":{"line":12,"column":17},"end":{"line":12,"column":19}},"5":{"start":{"line":13,"column":14},"end":{"line":63,"column":4}},"6":{"start":{"line":19,"column":48},"end":{"line":29,"column":8}},"7":{"start":{"line":32,"column":45},"end":{"line":40,"column":8}},"8":{"start":{"line":52,"column":42},"end":{"line":60,"column":10}},"9":{"start":{"line":65,"column":2},"end":{"line":65,"column":23}},"10":{"start":{"line":73,"column":32},"end":{"line":73,"column":90}},"11":{"start":{"line":74,"column":36},"end":{"line":74,"column":48}},"12":{"start":{"line":75,"column":40},"end":{"line":75,"column":55}},"13":{"start":{"line":78,"column":25},"end":{"line":81,"column":8}},"14":{"start":{"line":79,"column":4},"end":{"line":79,"column":34}},"15":{"start":{"line":80,"column":4},"end":{"line":80,"column":21}},"16":{"start":{"line":84,"column":23},"end":{"line":103,"column":70}},"17":{"start":{"line":85,"column":4},"end":{"line":85,"column":28}},"18":{"start":{"line":85,"column":21},"end":{"line":85,"column":28}},"19":{"start":{"line":87,"column":4},"end":{"line":87,"column":25}},"20":{"start":{"line":90,"column":4},"end":{"line":102,"column":12}},"21":{"start":{"line":91,"column":22},"end":{"line":91,"column":55}},"22":{"start":{"line":92,"column":6},"end":{"line":92,"column":24}},"23":{"start":{"line":94,"column":6},"end":{"line":99,"column":7}},"24":{"start":{"line":95,"column":8},"end":{"line":95,"column":34}},"25":{"start":{"line":97,"column":8},"end":{"line":97,"column":34}},"26":{"start":{"line":98,"column":8},"end":{"line":98,"column":25}},"27":{"start":{"line":101,"column":6},"end":{"line":101,"column":28}},"28":{"start":{"line":106,"column":28},"end":{"line":113,"column":8}},"29":{"start":{"line":108,"column":18},"end":{"line":108,"column":55}},"30":{"start":{"line":110,"column":4},"end":{"line":112,"column":5}},"31":{"start":{"line":111,"column":6},"end":{"line":111,"column":26}},"32":{"start":{"line":116,"column":25},"end":{"line":120,"column":31}},"33":{"start":{"line":117,"column":4},"end":{"line":119,"column":5}},"34":{"start":{"line":118,"column":6},"end":{"line":118,"column":21}},"35":{"start":{"line":122,"column":2},"end":{"line":129,"column":23}},"36":{"start":{"line":124,"column":4},"end":{"line":124,"column":21}},"37":{"start":{"line":126,"column":4},"end":{"line":128,"column":6}},"38":{"start":{"line":131,"column":2},"end":{"line":194,"column":4}}},"fnMap":{"0":{"name":"(anonymous_0)","decl":{"start":{"line":6,"column":24},"end":{"line":6,"column":25}},"loc":{"start":{"line":6,"column":70},"end":{"line":66,"column":1}}},"1":{"name":"(anonymous_1)","decl":{"start":{"line":8,"column":38},"end":{"line":8,"column":41}},"loc":{"start":{"line":8,"column":44},"end":{"line":8,"column":74}}},"2":{"name":"(anonymous_2)","decl":{"start":{"line":19,"column":38},"end":{"line":19,"column":39}},"loc":{"start":{"line":19,"column":48},"end":{"line":29,"column":8}}},"3":{"name":"(anonymous_3)","decl":{"start":{"line":32,"column":39},"end":{"line":32,"column":42}},"loc":{"start":{"line":32,"column":45},"end":{"line":40,"column":8}}},"4":{"name":"(anonymous_4)","decl":{"start":{"line":52,"column":29},"end":{"line":52,"column":30}},"loc":{"start":{"line":52,"column":42},"end":{"line":60,"column":10}}},"5":{"name":"DigitCaptcha","decl":{"start":{"line":72,"column":24},"end":{"line":72,"column":36}},"loc":{"start":{"line":72,"column":68},"end":{"line":195,"column":1}}},"6":{"name":"(anonymous_6)","decl":{"start":{"line":78,"column":37},"end":{"line":78,"column":40}},"loc":{"start":{"line":78,"column":42},"end":{"line":81,"column":3}}},"7":{"name":"(anonymous_7)","decl":{"start":{"line":84,"column":35},"end":{"line":84,"column":38}},"loc":{"start":{"line":84,"column":40},"end":{"line":103,"column":3}}},"8":{"name":"(anonymous_8)","decl":{"start":{"line":90,"column":15},"end":{"line":90,"column":18}},"loc":{"start":{"line":90,"column":20},"end":{"line":102,"column":5}}},"9":{"name":"(anonymous_9)","decl":{"start":{"line":106,"column":40},"end":{"line":106,"column":41}},"loc":{"start":{"line":106,"column":83},"end":{"line":113,"column":3}}},"10":{"name":"(anonymous_10)","decl":{"start":{"line":116,"column":37},"end":{"line":116,"column":38}},"loc":{"start":{"line":116,"column":64},"end":{"line":120,"column":3}}},"11":{"name":"(anonymous_11)","decl":{"start":{"line":122,"column":12},"end":{"line":122,"column":15}},"loc":{"start":{"line":122,"column":17},"end":{"line":129,"column":3}}},"12":{"name":"(anonymous_12)","decl":{"start":{"line":126,"column":11},"end":{"line":126,"column":14}},"loc":{"start":{"line":126,"column":16},"end":{"line":128,"column":5}}}},"branchMap":{"0":{"loc":{"start":{"line":6,"column":25},"end":{"line":6,"column":35}},"type":"default-arg","locations":[{"start":{"line":6,"column":34},"end":{"line":6,"column":35}}]},"1":{"loc":{"start":{"line":85,"column":4},"end":{"line":85,"column":28}},"type":"if","locations":[{"start":{"line":85,"column":4},"end":{"line":85,"column":28}}]},"2":{"loc":{"start":{"line":94,"column":6},"end":{"line":99,"column":7}},"type":"if","locations":[{"start":{"line":94,"column":6},"end":{"line":99,"column":7}},{"start":{"line":96,"column":13},"end":{"line":99,"column":7}}]},"3":{"loc":{"start":{"line":110,"column":4},"end":{"line":112,"column":5}},"type":"if","locations":[{"start":{"line":110,"column":4},"end":{"line":112,"column":5}}]},"4":{"loc":{"start":{"line":117,"column":4},"end":{"line":119,"column":5}},"type":"if","locations":[{"start":{"line":117,"column":4},"end":{"line":119,"column":5}}]},"5":{"loc":{"start":{"line":117,"column":8},"end":{"line":117,"column":49}},"type":"binary-expr","locations":[{"start":{"line":117,"column":8},"end":{"line":117,"column":25}},{"start":{"line":117,"column":29},"end":{"line":117,"column":49}}]},"6":{"loc":{"start":{"line":178,"column":20},"end":{"line":178,"column":75}},"type":"binary-expr","locations":[{"start":{"line":178,"column":20},"end":{"line":178,"column":31}},{"start":{"line":178,"column":35},"end":{"line":178,"column":75}}]},"7":{"loc":{"start":{"line":179,"column":22},"end":{"line":179,"column":108}},"type":"cond-expr","locations":[{"start":{"line":179,"column":81},"end":{"line":179,"column":96}},{"start":{"line":179,"column":99},"end":{"line":179,"column":108}}]},"8":{"loc":{"start":{"line":179,"column":22},"end":{"line":179,"column":78}},"type":"binary-expr","locations":[{"start":{"line":179,"column":22},"end":{"line":179,"column":34}},{"start":{"line":179,"column":38},"end":{"line":179,"column":78}}]},"9":{"loc":{"start":{"line":180,"column":20},"end":{"line":180,"column":106}},"type":"cond-expr","locations":[{"start":{"line":180,"column":79},"end":{"line":180,"column":94}},{"start":{"line":180,"column":97},"end":{"line":180,"column":106}}]},"10":{"loc":{"start":{"line":180,"column":20},"end":{"line":180,"column":76}},"type":"binary-expr","locations":[{"start":{"line":180,"column":20},"end":{"line":180,"column":32}},{"start":{"line":180,"column":36},"end":{"line":180,"column":76}}]},"11":{"loc":{"start":{"line":183,"column":11},"end":{"line":189,"column":null}},"type":"cond-expr","locations":[{"start":{"line":184,"column":12},"end":{"line":185,"column":null}},{"start":{"line":189,"column":12},"end":{"line":189,"column":16}}]}},"s":{"0":0,"1":0,"2":0,"3":0,"4":0,"5":0,"6":0,"7":0,"8":0,"9":0,"10":0,"11":0,"12":0,"13":0,"14":0,"15":0,"16":0,"17":0,"18":0,"19":0,"20":0,"21":0,"22":0,"23":0,"24":0,"25":0,"26":0,"27":0,"28":0,"29":0,"30":0,"31":0,"32":0,"33":0,"34":0,"35":0,"36":0,"37":0,"38":0},"f":{"0":0,"1":0,"2":0,"3":0,"4":0,"5":0,"6":0,"7":0,"8":0,"9":0,"10":0,"11":0,"12":0},"b":{"0":[0],"1":[0],"2":[0,0],"3":[0],"4":[0],"5":[0,0],"6":[0,0],"7":[0,0],"8":[0,0],"9":[0,0],"10":[0,0],"11":[0,0]}}
,"E:\\project\\bitcoin-china-community\\src\\components\\Empty.tsx": {"path":"E:\\project\\bitcoin-china-community\\src\\components\\Empty.tsx","statementMap":{"0":{"start":{"line":6,"column":2},"end":{"line":8,"column":4}},"1":{"start":{"line":7,"column":82},"end":{"line":7,"column":102}}},"fnMap":{"0":{"name":"Empty","decl":{"start":{"line":5,"column":16},"end":{"line":5,"column":21}},"loc":{"start":{"line":5,"column":21},"end":{"line":9,"column":1}}},"1":{"name":"(anonymous_1)","decl":{"start":{"line":7,"column":76},"end":{"line":7,"column":79}},"loc":{"start":{"line":7,"column":82},"end":{"line":7,"column":102}}}},"branchMap":{},"s":{"0":0,"1":0},"f":{"0":0,"1":0},"b":{}}
,"E:\\project\\bitcoin-china-community\\src\\components\\ImageCaptcha.tsx": {"path":"E:\\project\\bitcoin-china-community\\src\\components\\ImageCaptcha.tsx","statementMap":{"0":{"start":{"line":9,"column":25},"end":{"line":55,"column":2}},"1":{"start":{"line":63,"column":48},"end":{"line":63,"column":59}},"2":{"start":{"line":64,"column":38},"end":{"line":64,"column":67}},"3":{"start":{"line":65,"column":36},"end":{"line":65,"column":50}},"4":{"start":{"line":66,"column":46},"end":{"line":66,"column":68}},"5":{"start":{"line":67,"column":38},"end":{"line":67,"column":68}},"6":{"start":{"line":68,"column":46},"end":{"line":68,"column":57}},"7":{"start":{"line":69,"column":72},"end":{"line":69,"column":87}},"8":{"start":{"line":70,"column":48},"end":{"line":70,"column":59}},"9":{"start":{"line":73,"column":22},"end":{"line":75,"column":18}},"10":{"start":{"line":74,"column":4},"end":{"line":74,"column":64}},"11":{"start":{"line":74,"column":43},"end":{"line":74,"column":55}},"12":{"start":{"line":79,"column":29},"end":{"line":90,"column":8}},"13":{"start":{"line":80,"column":4},"end":{"line":80,"column":23}},"14":{"start":{"line":81,"column":4},"end":{"line":81,"column":24}},"15":{"start":{"line":82,"column":4},"end":{"line":82,"column":26}},"16":{"start":{"line":83,"column":4},"end":{"line":83,"column":25}},"17":{"start":{"line":84,"column":4},"end":{"line":84,"column":26}},"18":{"start":{"line":87,"column":24},"end":{"line":87,"column":75}},"19":{"start":{"line":88,"column":4},"end":{"line":88,"column":36}},"20":{"start":{"line":89,"column":4},"end":{"line":89,"column":49}},"21":{"start":{"line":93,"column":22},"end":{"line":104,"column":23}},"22":{"start":{"line":94,"column":4},"end":{"line":94,"column":23}},"23":{"start":{"line":95,"column":4},"end":{"line":95,"column":24}},"24":{"start":{"line":96,"column":4},"end":{"line":96,"column":26}},"25":{"start":{"line":97,"column":4},"end":{"line":97,"column":25}},"26":{"start":{"line":98,"column":4},"end":{"line":98,"column":26}},"27":{"start":{"line":101,"column":22},"end":{"line":101,"column":69}},"28":{"start":{"line":102,"column":4},"end":{"line":102,"column":34}},"29":{"start":{"line":103,"column":4},"end":{"line":103,"column":47}},"30":{"start":{"line":107,"column":26},"end":{"line":130,"column":69}},"31":{"start":{"line":108,"column":10},"end":{"line":129,"column":13}},"32":{"start":{"line":109,"column":29},"end":{"line":109,"column":37}},"33":{"start":{"line":111,"column":12},"end":{"line":127,"column":13}},"34":{"start":{"line":112,"column":14},"end":{"line":112,"column":34}},"35":{"start":{"line":115,"column":14},"end":{"line":126,"column":15}},"36":{"start":{"line":117,"column":16},"end":{"line":117,"column":66}},"37":{"start":{"line":120,"column":16},"end":{"line":125,"column":17}},"38":{"start":{"line":121,"column":18},"end":{"line":121,"column":55}},"39":{"start":{"line":124,"column":18},"end":{"line":124,"column":55}},"40":{"start":{"line":128,"column":12},"end":{"line":128,"column":28}},"41":{"start":{"line":133,"column":2},"end":{"line":135,"column":27}},"42":{"start":{"line":134,"column":4},"end":{"line":134,"column":25}},"43":{"start":{"line":138,"column":28},"end":{"line":154,"column":29}},"44":{"start":{"line":139,"column":4},"end":{"line":139,"column":49}},"45":{"start":{"line":139,"column":42},"end":{"line":139,"column":49}},"46":{"start":{"line":141,"column":4},"end":{"line":153,"column":7}},"47":{"start":{"line":143,"column":6},"end":{"line":145,"column":7}},"48":{"start":{"line":144,"column":8},"end":{"line":144,"column":45}},"49":{"start":{"line":144,"column":32},"end":{"line":144,"column":43}},"50":{"start":{"line":148,"column":6},"end":{"line":150,"column":7}},"51":{"start":{"line":149,"column":8},"end":{"line":149,"column":32}},"52":{"start":{"line":152,"column":6},"end":{"line":152,"column":18}},"53":{"start":{"line":157,"column":23},"end":{"line":173,"column":55}},"54":{"start":{"line":158,"column":4},"end":{"line":158,"column":57}},"55":{"start":{"line":158,"column":50},"end":{"line":158,"column":57}},"56":{"start":{"line":161,"column":31},"end":{"line":162,"column":null}},"57":{"start":{"line":162,"column":6},"end":{"line":162,"column":39}},"58":{"start":{"line":165,"column":4},"end":{"line":165,"column":38}},"59":{"start":{"line":166,"column":4},"end":{"line":166,"column":33}},"60":{"start":{"line":168,"column":4},"end":{"line":172,"column":5}},"61":{"start":{"line":169,"column":6},"end":{"line":169,"column":29}},"62":{"start":{"line":171,"column":6},"end":{"line":171,"column":52}},"63":{"start":{"line":176,"column":20},"end":{"line":178,"column":52}},"64":{"start":{"line":177,"column":4},"end":{"line":177,"column":76}},"65":{"start":{"line":180,"column":2},"end":{"line":308,"column":4}},"66":{"start":{"line":196,"column":14},"end":{"line":197,"column":null}},"67":{"start":{"line":209,"column":31},"end":{"line":209,"column":55}},"68":{"start":{"line":218,"column":22},"end":{"line":221,"column":25}},"69":{"start":{"line":219,"column":46},"end":{"line":219,"column":54}},"70":{"start":{"line":220,"column":24},"end":{"line":220,"column":45}},"71":{"start":{"line":297,"column":14},"end":{"line":297,"column":39}},"72":{"start":{"line":298,"column":14},"end":{"line":298,"column":52}},"73":{"start":{"line":299,"column":14},"end":{"line":299,"column":36}}},"fnMap":{"0":{"name":"ImageCaptcha","decl":{"start":{"line":61,"column":24},"end":{"line":61,"column":36}},"loc":{"start":{"line":61,"column":68},"end":{"line":309,"column":1}}},"1":{"name":"(anonymous_1)","decl":{"start":{"line":73,"column":30},"end":{"line":73,"column":33}},"loc":{"start":{"line":73,"column":35},"end":{"line":75,"column":3}}},"2":{"name":"(anonymous_2)","decl":{"start":{"line":74,"column":36},"end":{"line":74,"column":39}},"loc":{"start":{"line":74,"column":43},"end":{"line":74,"column":55}}},"3":{"name":"(anonymous_3)","decl":{"start":{"line":79,"column":41},"end":{"line":79,"column":44}},"loc":{"start":{"line":79,"column":46},"end":{"line":90,"column":3}}},"4":{"name":"(anonymous_4)","decl":{"start":{"line":93,"column":34},"end":{"line":93,"column":37}},"loc":{"start":{"line":93,"column":39},"end":{"line":104,"column":3}}},"5":{"name":"(anonymous_5)","decl":{"start":{"line":107,"column":38},"end":{"line":107,"column":41}},"loc":{"start":{"line":107,"column":43},"end":{"line":130,"column":3}}},"6":{"name":"(anonymous_6)","decl":{"start":{"line":108,"column":28},"end":{"line":108,"column":32}},"loc":{"start":{"line":108,"column":35},"end":{"line":129,"column":11}}},"7":{"name":"(anonymous_7)","decl":{"start":{"line":133,"column":12},"end":{"line":133,"column":15}},"loc":{"start":{"line":133,"column":17},"end":{"line":135,"column":3}}},"8":{"name":"(anonymous_8)","decl":{"start":{"line":138,"column":40},"end":{"line":138,"column":41}},"loc":{"start":{"line":138,"column":58},"end":{"line":154,"column":3}}},"9":{"name":"(anonymous_9)","decl":{"start":{"line":141,"column":22},"end":{"line":141,"column":26}},"loc":{"start":{"line":141,"column":29},"end":{"line":153,"column":5}}},"10":{"name":"(anonymous_10)","decl":{"start":{"line":144,"column":27},"end":{"line":144,"column":28}},"loc":{"start":{"line":144,"column":32},"end":{"line":144,"column":43}}},"11":{"name":"(anonymous_11)","decl":{"start":{"line":157,"column":35},"end":{"line":157,"column":38}},"loc":{"start":{"line":157,"column":40},"end":{"line":173,"column":3}}},"12":{"name":"(anonymous_12)","decl":{"start":{"line":161,"column":52},"end":{"line":161,"column":57}},"loc":{"start":{"line":162,"column":6},"end":{"line":162,"column":39}}},"13":{"name":"(anonymous_13)","decl":{"start":{"line":176,"column":28},"end":{"line":176,"column":31}},"loc":{"start":{"line":176,"column":33},"end":{"line":178,"column":3}}},"14":{"name":"(anonymous_14)","decl":{"start":{"line":195,"column":35},"end":{"line":195,"column":36}},"loc":{"start":{"line":196,"column":14},"end":{"line":197,"column":null}}},"15":{"name":"(anonymous_15)","decl":{"start":{"line":209,"column":25},"end":{"line":209,"column":28}},"loc":{"start":{"line":209,"column":31},"end":{"line":209,"column":55}}},"16":{"name":"(anonymous_16)","decl":{"start":{"line":217,"column":29},"end":{"line":217,"column":32}},"loc":{"start":{"line":217,"column":34},"end":{"line":222,"column":21}}},"17":{"name":"(anonymous_17)","decl":{"start":{"line":218,"column":41},"end":{"line":218,"column":45}},"loc":{"start":{"line":218,"column":48},"end":{"line":221,"column":23}}},"18":{"name":"(anonymous_18)","decl":{"start":{"line":295,"column":21},"end":{"line":295,"column":24}},"loc":{"start":{"line":295,"column":26},"end":{"line":300,"column":13}}}},"branchMap":{"0":{"loc":{"start":{"line":111,"column":12},"end":{"line":127,"column":13}},"type":"if","locations":[{"start":{"line":111,"column":12},"end":{"line":127,"column":13}}]},"1":{"loc":{"start":{"line":115,"column":14},"end":{"line":126,"column":15}},"type":"if","locations":[{"start":{"line":115,"column":14},"end":{"line":126,"column":15}}]},"2":{"loc":{"start":{"line":120,"column":16},"end":{"line":125,"column":17}},"type":"if","locations":[{"start":{"line":120,"column":16},"end":{"line":125,"column":17}},{"start":{"line":122,"column":23},"end":{"line":125,"column":17}}]},"3":{"loc":{"start":{"line":139,"column":4},"end":{"line":139,"column":49}},"type":"if","locations":[{"start":{"line":139,"column":4},"end":{"line":139,"column":49}}]},"4":{"loc":{"start":{"line":139,"column":8},"end":{"line":139,"column":40}},"type":"binary-expr","locations":[{"start":{"line":139,"column":8},"end":{"line":139,"column":17}},{"start":{"line":139,"column":21},"end":{"line":139,"column":40}}]},"5":{"loc":{"start":{"line":143,"column":6},"end":{"line":145,"column":7}},"type":"if","locations":[{"start":{"line":143,"column":6},"end":{"line":145,"column":7}}]},"6":{"loc":{"start":{"line":148,"column":6},"end":{"line":150,"column":7}},"type":"if","locations":[{"start":{"line":148,"column":6},"end":{"line":150,"column":7}}]},"7":{"loc":{"start":{"line":158,"column":4},"end":{"line":158,"column":57}},"type":"if","locations":[{"start":{"line":158,"column":4},"end":{"line":158,"column":57}}]},"8":{"loc":{"start":{"line":158,"column":8},"end":{"line":158,"column":48}},"type":"binary-expr","locations":[{"start":{"line":158,"column":8},"end":{"line":158,"column":17}},{"start":{"line":158,"column":21},"end":{"line":158,"column":48}}]},"9":{"loc":{"start":{"line":168,"column":4},"end":{"line":172,"column":5}},"type":"if","locations":[{"start":{"line":168,"column":4},"end":{"line":172,"column":5}},{"start":{"line":170,"column":11},"end":{"line":172,"column":5}}]},"10":{"loc":{"start":{"line":177,"column":11},"end":{"line":177,"column":75}},"type":"binary-expr","locations":[{"start":{"line":177,"column":11},"end":{"line":177,"column":38}},{"start":{"line":177,"column":42},"end":{"line":177,"column":52}},{"start":{"line":177,"column":56},"end":{"line":177,"column":75}}]},"11":{"loc":{"start":{"line":186,"column":7},"end":{"line":283,"column":null}},"type":"cond-expr","locations":[{"start":{"line":187,"column":8},"end":{"line":189,"column":null}},{"start":{"line":192,"column":8},"end":{"line":282,"column":null}}]},"12":{"loc":{"start":{"line":199,"column":18},"end":{"line":201,"column":null}},"type":"cond-expr","locations":[{"start":{"line":200,"column":22},"end":{"line":200,"column":73}},{"start":{"line":201,"column":22},"end":{"line":201,"column":null}}]},"13":{"loc":{"start":{"line":202,"column":20},"end":{"line":204,"column":null}},"type":"cond-expr","locations":[{"start":{"line":203,"column":20},"end":{"line":203,"column":65}},{"start":{"line":204,"column":20},"end":{"line":204,"column":null}}]},"14":{"loc":{"start":{"line":203,"column":20},"end":{"line":203,"column":65}},"type":"cond-expr","locations":[{"start":{"line":203,"column":37},"end":{"line":203,"column":60}},{"start":{"line":203,"column":63},"end":{"line":203,"column":65}}]},"15":{"loc":{"start":{"line":205,"column":20},"end":{"line":207,"column":null}},"type":"cond-expr","locations":[{"start":{"line":206,"column":20},"end":{"line":206,"column":98}},{"start":{"line":207,"column":20},"end":{"line":207,"column":null}}]},"16":{"loc":{"start":{"line":206,"column":20},"end":{"line":206,"column":98}},"type":"cond-expr","locations":[{"start":{"line":206,"column":72},"end":{"line":206,"column":93}},{"start":{"line":206,"column":96},"end":{"line":206,"column":98}}]},"17":{"loc":{"start":{"line":206,"column":20},"end":{"line":206,"column":69}},"type":"binary-expr","locations":[{"start":{"line":206,"column":20},"end":{"line":206,"column":50}},{"start":{"line":206,"column":54},"end":{"line":206,"column":69}}]},"18":{"loc":{"start":{"line":226,"column":19},"end":{"line":229,"column":null}},"type":"binary-expr","locations":[{"start":{"line":226,"column":19},"end":{"line":226,"column":49}},{"start":{"line":227,"column":20},"end":{"line":228,"column":null}}]},"19":{"loc":{"start":{"line":233,"column":19},"end":{"line":236,"column":null}},"type":"binary-expr","locations":[{"start":{"line":233,"column":19},"end":{"line":233,"column":38}},{"start":{"line":233,"column":42},"end":{"line":233,"column":56}},{"start":{"line":233,"column":60},"end":{"line":233,"column":91}},{"start":{"line":234,"column":20},"end":{"line":235,"column":null}}]},"20":{"loc":{"start":{"line":246,"column":15},"end":{"line":255,"column":null}},"type":"cond-expr","locations":[{"start":{"line":247,"column":16},"end":{"line":247,"column":79}},{"start":{"line":248,"column":18},"end":{"line":255,"column":null}}]},"21":{"loc":{"start":{"line":248,"column":18},"end":{"line":255,"column":null}},"type":"cond-expr","locations":[{"start":{"line":249,"column":16},"end":{"line":250,"column":null}},{"start":{"line":253,"column":16},"end":{"line":254,"column":null}}]},"22":{"loc":{"start":{"line":276,"column":27},"end":{"line":276,"column":50}},"type":"binary-expr","locations":[{"start":{"line":276,"column":27},"end":{"line":276,"column":37}},{"start":{"line":276,"column":41},"end":{"line":276,"column":50}}]},"23":{"loc":{"start":{"line":287,"column":7},"end":{"line":305,"column":null}},"type":"binary-expr","locations":[{"start":{"line":287,"column":7},"end":{"line":287,"column":34}},{"start":{"line":288,"column":8},"end":{"line":304,"column":null}}]}},"s":{"0":0,"1":0,"2":0,"3":0,"4":0,"5":0,"6":0,"7":0,"8":0,"9":0,"10":0,"11":0,"12":0,"13":0,"14":0,"15":0,"16":0,"17":0,"18":0,"19":0,"20":0,"21":0,"22":0,"23":0,"24":0,"25":0,"26":0,"27":0,"28":0,"29":0,"30":0,"31":0,"32":0,"33":0,"34":0,"35":0,"36":0,"37":0,"38":0,"39":0,"40":0,"41":0,"42":0,"43":0,"44":0,"45":0,"46":0,"47":0,"48":0,"49":0,"50":0,"51":0,"52":0,"53":0,"54":0,"55":0,"56":0,"57":0,"58":0,"59":0,"60":0,"61":0,"62":0,"63":0,"64":0,"65":0,"66":0,"67":0,"68":0,"69":0,"70":0,"71":0,"72":0,"73":0},"f":{"0":0,"1":0,"2":0,"3":0,"4":0,"5":0,"6":0,"7":0,"8":0,"9":0,"10":0,"11":0,"12":0,"13":0,"14":0,"15":0,"16":0,"17":0,"18":0},"b":{"0":[0],"1":[0],"2":[0,0],"3":[0],"4":[0,0],"5":[0],"6":[0],"7":[0],"8":[0,0],"9":[0,0],"10":[0,0,0],"11":[0,0],"12":[0,0],"13":[0,0],"14":[0,0],"15":[0,0],"16":[0,0],"17":[0,0],"18":[0,0],"19":[0,0,0,0],"20":[0,0],"21":[0,0],"22":[0,0],"23":[0,0]}}
,"E:\\project\\bitcoin-china-community\\src\\components\\LanguageSwitcher.tsx": {"path":"E:\\project\\bitcoin-china-community\\src\\components\\LanguageSwitcher.tsx","statementMap":{"0":{"start":{"line":12,"column":0},"end":{"line":12,"column":24}},"1":{"start":{"line":1,"column":0},"end":{"line":1,"column":42}},"2":{"start":{"line":3,"column":46},"end":{"line":10,"column":2}},"3":{"start":{"line":13,"column":66},"end":{"line":13,"column":75}},"4":{"start":{"line":15,"column":2},"end":{"line":40,"column":4}},"5":{"start":{"line":26,"column":10},"end":{"line":27,"column":null}},"6":{"start":{"line":28,"column":27},"end":{"line":28,"column":47}}},"fnMap":{"0":{"name":"LanguageSwitcher","decl":{"start":{"line":12,"column":24},"end":{"line":12,"column":40}},"loc":{"start":{"line":12,"column":40},"end":{"line":41,"column":1}}},"1":{"name":"(anonymous_1)","decl":{"start":{"line":25,"column":32},"end":{"line":25,"column":33}},"loc":{"start":{"line":26,"column":10},"end":{"line":27,"column":null}}},"2":{"name":"(anonymous_2)","decl":{"start":{"line":28,"column":21},"end":{"line":28,"column":24}},"loc":{"start":{"line":28,"column":27},"end":{"line":28,"column":47}}}},"branchMap":{"0":{"loc":{"start":{"line":30,"column":14},"end":{"line":32,"column":null}},"type":"cond-expr","locations":[{"start":{"line":31,"column":18},"end":{"line":31,"column":92}},{"start":{"line":32,"column":18},"end":{"line":32,"column":null}}]}},"s":{"0":1,"1":1,"2":1,"3":9,"4":9,"5":54,"6":0},"f":{"0":9,"1":54,"2":0},"b":{"0":[9,45]}}
,"E:\\project\\bitcoin-china-community\\src\\constants\\index.ts": {"path":"E:\\project\\bitcoin-china-community\\src\\constants\\index.ts","statementMap":{"0":{"start":{"line":4,"column":35},"end":{"line":4,"column":98}},"1":{"start":{"line":5,"column":32},"end":{"line":5,"column":48}},"2":{"start":{"line":7,"column":30},"end":{"line":14,"column":11}},"3":{"start":{"line":17,"column":22},"end":{"line":17,"column":58}},"4":{"start":{"line":18,"column":29},"end":{"line":18,"column":46}},"5":{"start":{"line":21,"column":26},"end":{"line":28,"column":11}},"6":{"start":{"line":31,"column":29},"end":{"line":59,"column":11}},"7":{"start":{"line":62,"column":32},"end":{"line":85,"column":11}},"8":{"start":{"line":88,"column":40},"end":{"line":93,"column":11}},"9":{"start":{"line":96,"column":25},"end":{"line":107,"column":11}},"10":{"start":{"line":110,"column":35},"end":{"line":115,"column":11}},"11":{"start":{"line":118,"column":33},"end":{"line":122,"column":11}},"12":{"start":{"line":125,"column":28},"end":{"line":145,"column":11}},"13":{"start":{"line":148,"column":30},"end":{"line":156,"column":11}},"14":{"start":{"line":159,"column":32},"end":{"line":165,"column":11}},"15":{"start":{"line":168,"column":28},"end":{"line":175,"column":11}},"16":{"start":{"line":178,"column":29},"end":{"line":184,"column":11}}},"fnMap":{},"branchMap":{"0":{"loc":{"start":{"line":25,"column":11},"end":{"line":25,"column":51}},"type":"binary-expr","locations":[{"start":{"line":25,"column":11},"end":{"line":25,"column":44}},{"start":{"line":25,"column":48},"end":{"line":25,"column":51}}]},"1":{"loc":{"start":{"line":26,"column":10},"end":{"line":26,"column":69}},"type":"binary-expr","locations":[{"start":{"line":26,"column":10},"end":{"line":26,"column":38}},{"start":{"line":26,"column":42},"end":{"line":26,"column":69}}]},"2":{"loc":{"start":{"line":27,"column":15},"end":{"line":27,"column":52}},"type":"binary-expr","locations":[{"start":{"line":27,"column":15},"end":{"line":27,"column":35}},{"start":{"line":27,"column":39},"end":{"line":27,"column":52}}]}},"s":{"0":0,"1":0,"2":0,"3":0,"4":0,"5":0,"6":0,"7":0,"8":0,"9":0,"10":0,"11":0,"12":0,"13":0,"14":0,"15":0,"16":0},"f":{},"b":{"0":[0,0],"1":[0,0],"2":[0,0]}}
,"E:\\project\\bitcoin-china-community\\src\\contexts\\authContext.ts": {"path":"E:\\project\\bitcoin-china-community\\src\\contexts\\authContext.ts","statementMap":{"0":{"start":{"line":1,"column":0},"end":{"line":1,"column":38}},"1":{"start":{"line":3,"column":13},"end":{"line":7,"column":3}}},"fnMap":{"0":{"name":"(anonymous_0)","decl":{"start":{"line":5,"column":22},"end":{"line":5,"column":23}},"loc":{"start":{"line":5,"column":41},"end":{"line":5,"column":44}}},"1":{"name":"(anonymous_1)","decl":{"start":{"line":6,"column":10},"end":{"line":6,"column":13}},"loc":{"start":{"line":6,"column":15},"end":{"line":6,"column":18}}}},"branchMap":{},"s":{"0":6,"1":6},"f":{"0":0,"1":0},"b":{}}
,"E:\\project\\bitcoin-china-community\\src\\hooks\\useDebouncedValidation.ts": {"path":"E:\\project\\bitcoin-china-community\\src\\hooks\\useDebouncedValidation.ts","statementMap":{"0":{"start":{"line":3,"column":38},"end":{"line":34,"column":1}},"1":{"start":{"line":4,"column":50},"end":{"line":7,"column":4}},"2":{"start":{"line":9,"column":21},"end":{"line":9,"column":56}},"3":{"start":{"line":11,"column":28},"end":{"line":23,"column":23}},"4":{"start":{"line":12,"column":4},"end":{"line":14,"column":5}},"5":{"start":{"line":13,"column":6},"end":{"line":13,"column":39}},"6":{"start":{"line":16,"column":4},"end":{"line":22,"column":14}},"7":{"start":{"line":17,"column":22},"end":{"line":17,"column":37}},"8":{"start":{"line":18,"column":6},"end":{"line":21,"column":9}},"9":{"start":{"line":25,"column":2},"end":{"line":31,"column":9}},"10":{"start":{"line":26,"column":4},"end":{"line":30,"column":6}},"11":{"start":{"line":27,"column":6},"end":{"line":29,"column":7}},"12":{"start":{"line":28,"column":8},"end":{"line":28,"column":41}},"13":{"start":{"line":33,"column":2},"end":{"line":33,"column":49}}},"fnMap":{"0":{"name":"(anonymous_0)","decl":{"start":{"line":3,"column":38},"end":{"line":3,"column":39}},"loc":{"start":{"line":3,"column":92},"end":{"line":34,"column":1}}},"1":{"name":"(anonymous_1)","decl":{"start":{"line":11,"column":40},"end":{"line":11,"column":41}},"loc":{"start":{"line":11,"column":58},"end":{"line":23,"column":3}}},"2":{"name":"(anonymous_2)","decl":{"start":{"line":16,"column":36},"end":{"line":16,"column":39}},"loc":{"start":{"line":16,"column":41},"end":{"line":22,"column":5}}},"3":{"name":"(anonymous_3)","decl":{"start":{"line":25,"column":12},"end":{"line":25,"column":15}},"loc":{"start":{"line":25,"column":17},"end":{"line":31,"column":3}}},"4":{"name":"(anonymous_4)","decl":{"start":{"line":26,"column":11},"end":{"line":26,"column":14}},"loc":{"start":{"line":26,"column":16},"end":{"line":30,"column":5}}}},"branchMap":{"0":{"loc":{"start":{"line":3,"column":77},"end":{"line":3,"column":88}},"type":"default-arg","locations":[{"start":{"line":3,"column":85},"end":{"line":3,"column":88}}]},"1":{"loc":{"start":{"line":12,"column":4},"end":{"line":14,"column":5}},"type":"if","locations":[{"start":{"line":12,"column":4},"end":{"line":14,"column":5}}]},"2":{"loc":{"start":{"line":20,"column":17},"end":{"line":20,"column":58}},"type":"cond-expr","locations":[{"start":{"line":20,"column":27},"end":{"line":20,"column":29}},{"start":{"line":20,"column":32},"end":{"line":20,"column":58}}]},"3":{"loc":{"start":{"line":27,"column":6},"end":{"line":29,"column":7}},"type":"if","locations":[{"start":{"line":27,"column":6},"end":{"line":29,"column":7}}]}},"s":{"0":0,"1":0,"2":0,"3":0,"4":0,"5":0,"6":0,"7":0,"8":0,"9":0,"10":0,"11":0,"12":0,"13":0},"f":{"0":0,"1":0,"2":0,"3":0,"4":0},"b":{"0":[0],"1":[0],"2":[0,0],"3":[0]}}
,"E:\\project\\bitcoin-china-community\\src\\hooks\\useI18n.ts": {"path":"E:\\project\\bitcoin-china-community\\src\\hooks\\useI18n.ts","statementMap":{"0":{"start":{"line":4,"column":23},"end":{"line":62,"column":1}},"1":{"start":{"line":5,"column":48},"end":{"line":5,"column":93}},"2":{"start":{"line":6,"column":32},"end":{"line":6,"column":43}},"3":{"start":{"line":8,"column":2},"end":{"line":30,"column":9}},"4":{"start":{"line":10,"column":33},"end":{"line":14,"column":5}},"5":{"start":{"line":11,"column":22},"end":{"line":11,"column":47}},"6":{"start":{"line":12,"column":6},"end":{"line":12,"column":34}},"7":{"start":{"line":13,"column":6},"end":{"line":13,"column":29}},"8":{"start":{"line":13,"column":22},"end":{"line":13,"column":27}},"9":{"start":{"line":17,"column":32},"end":{"line":21,"column":5}},"10":{"start":{"line":18,"column":6},"end":{"line":20,"column":7}},"11":{"start":{"line":19,"column":8},"end":{"line":19,"column":31}},"12":{"start":{"line":23,"column":4},"end":{"line":23,"column":60}},"13":{"start":{"line":24,"column":4},"end":{"line":24,"column":69}},"14":{"start":{"line":26,"column":4},"end":{"line":29,"column":6}},"15":{"start":{"line":27,"column":6},"end":{"line":27,"column":65}},"16":{"start":{"line":28,"column":6},"end":{"line":28,"column":74}},"17":{"start":{"line":32,"column":25},"end":{"line":39,"column":8}},"18":{"start":{"line":33,"column":4},"end":{"line":33,"column":27}},"19":{"start":{"line":34,"column":4},"end":{"line":34,"column":29}},"20":{"start":{"line":35,"column":4},"end":{"line":35,"column":27}},"21":{"start":{"line":35,"column":20},"end":{"line":35,"column":25}},"22":{"start":{"line":38,"column":4},"end":{"line":38,"column":55}},"23":{"start":{"line":41,"column":12},"end":{"line":53,"column":32}},"24":{"start":{"line":43,"column":15},"end":{"line":43,"column":43}},"25":{"start":{"line":46,"column":4},"end":{"line":50,"column":5}},"26":{"start":{"line":47,"column":6},"end":{"line":49,"column":9}},"27":{"start":{"line":48,"column":8},"end":{"line":48,"column":65}},"28":{"start":{"line":52,"column":4},"end":{"line":52,"column":16}},"29":{"start":{"line":55,"column":2},"end":{"line":61,"column":4}}},"fnMap":{"0":{"name":"(anonymous_0)","decl":{"start":{"line":4,"column":23},"end":{"line":4,"column":26}},"loc":{"start":{"line":4,"column":28},"end":{"line":62,"column":1}}},"1":{"name":"(anonymous_1)","decl":{"start":{"line":8,"column":12},"end":{"line":8,"column":15}},"loc":{"start":{"line":8,"column":17},"end":{"line":30,"column":3}}},"2":{"name":"(anonymous_2)","decl":{"start":{"line":10,"column":33},"end":{"line":10,"column":34}},"loc":{"start":{"line":10,"column":47},"end":{"line":14,"column":5}}},"3":{"name":"(anonymous_3)","decl":{"start":{"line":13,"column":17},"end":{"line":13,"column":18}},"loc":{"start":{"line":13,"column":22},"end":{"line":13,"column":27}}},"4":{"name":"(anonymous_4)","decl":{"start":{"line":17,"column":32},"end":{"line":17,"column":33}},"loc":{"start":{"line":17,"column":52},"end":{"line":21,"column":5}}},"5":{"name":"(anonymous_5)","decl":{"start":{"line":26,"column":11},"end":{"line":26,"column":14}},"loc":{"start":{"line":26,"column":16},"end":{"line":29,"column":5}}},"6":{"name":"(anonymous_6)","decl":{"start":{"line":32,"column":37},"end":{"line":32,"column":38}},"loc":{"start":{"line":32,"column":56},"end":{"line":39,"column":3}}},"7":{"name":"(anonymous_7)","decl":{"start":{"line":35,"column":15},"end":{"line":35,"column":16}},"loc":{"start":{"line":35,"column":20},"end":{"line":35,"column":25}}},"8":{"name":"(anonymous_8)","decl":{"start":{"line":41,"column":24},"end":{"line":41,"column":25}},"loc":{"start":{"line":41,"column":82},"end":{"line":53,"column":3}}},"9":{"name":"(anonymous_9)","decl":{"start":{"line":47,"column":34},"end":{"line":47,"column":39}},"loc":{"start":{"line":47,"column":42},"end":{"line":49,"column":7}}}},"branchMap":{"0":{"loc":{"start":{"line":18,"column":6},"end":{"line":20,"column":7}},"type":"if","locations":[{"start":{"line":18,"column":6},"end":{"line":20,"column":7}}]},"1":{"loc":{"start":{"line":18,"column":10},"end":{"line":18,"column":54}},"type":"binary-expr","locations":[{"start":{"line":18,"column":10},"end":{"line":18,"column":40}},{"start":{"line":18,"column":44},"end":{"line":18,"column":54}}]},"2":{"loc":{"start":{"line":46,"column":4},"end":{"line":50,"column":5}},"type":"if","locations":[{"start":{"line":46,"column":4},"end":{"line":50,"column":5}}]}},"s":{"0":0,"1":0,"2":0,"3":0,"4":0,"5":0,"6":0,"7":0,"8":0,"9":0,"10":0,"11":0,"12":0,"13":0,"14":0,"15":0,"16":0,"17":0,"18":0,"19":0,"20":0,"21":0,"22":0,"23":0,"24":0,"25":0,"26":0,"27":0,"28":0,"29":0},"f":{"0":0,"1":0,"2":0,"3":0,"4":0,"5":0,"6":0,"7":0,"8":0,"9":0},"b":{"0":[0],"1":[0,0],"2":[0]}}
,"E:\\project\\bitcoin-china-community\\src\\hooks\\useTheme.ts": {"path":"E:\\project\\bitcoin-china-community\\src\\hooks\\useTheme.ts","statementMap":{"0":{"start":{"line":6,"column":28},"end":{"line":12,"column":4}},"1":{"start":{"line":7,"column":23},"end":{"line":7,"column":61}},"2":{"start":{"line":8,"column":4},"end":{"line":10,"column":5}},"3":{"start":{"line":9,"column":6},"end":{"line":9,"column":24}},"4":{"start":{"line":11,"column":4},"end":{"line":11,"column":88}},"5":{"start":{"line":14,"column":2},"end":{"line":18,"column":14}},"6":{"start":{"line":15,"column":4},"end":{"line":15,"column":63}},"7":{"start":{"line":16,"column":4},"end":{"line":16,"column":50}},"8":{"start":{"line":17,"column":4},"end":{"line":17,"column":41}},"9":{"start":{"line":20,"column":22},"end":{"line":22,"column":3}},"10":{"start":{"line":21,"column":4},"end":{"line":21,"column":68}},"11":{"start":{"line":21,"column":26},"end":{"line":21,"column":66}},"12":{"start":{"line":24,"column":2},"end":{"line":28,"column":4}}},"fnMap":{"0":{"name":"useTheme","decl":{"start":{"line":5,"column":16},"end":{"line":5,"column":24}},"loc":{"start":{"line":5,"column":24},"end":{"line":29,"column":1}}},"1":{"name":"(anonymous_1)","decl":{"start":{"line":6,"column":44},"end":{"line":6,"column":47}},"loc":{"start":{"line":6,"column":49},"end":{"line":12,"column":3}}},"2":{"name":"(anonymous_2)","decl":{"start":{"line":14,"column":12},"end":{"line":14,"column":15}},"loc":{"start":{"line":14,"column":17},"end":{"line":18,"column":3}}},"3":{"name":"(anonymous_3)","decl":{"start":{"line":20,"column":22},"end":{"line":20,"column":25}},"loc":{"start":{"line":20,"column":27},"end":{"line":22,"column":3}}},"4":{"name":"(anonymous_4)","decl":{"start":{"line":21,"column":13},"end":{"line":21,"column":22}},"loc":{"start":{"line":21,"column":26},"end":{"line":21,"column":66}}}},"branchMap":{"0":{"loc":{"start":{"line":8,"column":4},"end":{"line":10,"column":5}},"type":"if","locations":[{"start":{"line":8,"column":4},"end":{"line":10,"column":5}}]},"1":{"loc":{"start":{"line":11,"column":11},"end":{"line":11,"column":87}},"type":"cond-expr","locations":[{"start":{"line":11,"column":71},"end":{"line":11,"column":77}},{"start":{"line":11,"column":80},"end":{"line":11,"column":87}}]},"2":{"loc":{"start":{"line":21,"column":26},"end":{"line":21,"column":66}},"type":"cond-expr","locations":[{"start":{"line":21,"column":50},"end":{"line":21,"column":56}},{"start":{"line":21,"column":59},"end":{"line":21,"column":66}}]}},"s":{"0":0,"1":0,"2":0,"3":0,"4":0,"5":0,"6":0,"7":0,"8":0,"9":0,"10":0,"11":0,"12":0},"f":{"0":0,"1":0,"2":0,"3":0,"4":0},"b":{"0":[0],"1":[0,0],"2":[0,0]}}
,"E:\\project\\bitcoin-china-community\\src\\lib\\i18n.ts": {"path":"E:\\project\\bitcoin-china-community\\src\\lib\\i18n.ts","statementMap":{"0":{"start":{"line":2,"column":34},"end":{"line":2,"column":97}},"1":{"start":{"line":6,"column":41},"end":{"line":6,"column":48}},"2":{"start":{"line":9,"column":55},"end":{"line":16,"column":2}},"3":{"start":{"line":19,"column":70},"end":{"line":1568,"column":2}},"4":{"start":{"line":1571,"column":20},"end":{"line":1612,"column":2}},"5":{"start":{"line":1574,"column":4},"end":{"line":1574,"column":62}},"6":{"start":{"line":1574,"column":39},"end":{"line":1574,"column":62}},"7":{"start":{"line":1576,"column":18},"end":{"line":1576,"column":60}},"8":{"start":{"line":1577,"column":4},"end":{"line":1579,"column":5}},"9":{"start":{"line":1578,"column":6},"end":{"line":1578,"column":31}},"10":{"start":{"line":1581,"column":24},"end":{"line":1581,"column":42}},"11":{"start":{"line":1582,"column":20},"end":{"line":1583,"column":null}},"12":{"start":{"line":1583,"column":6},"end":{"line":1583,"column":48}},"13":{"start":{"line":1586,"column":4},"end":{"line":1586,"column":38}},"14":{"start":{"line":1591,"column":4},"end":{"line":1591,"column":46}},"15":{"start":{"line":1591,"column":39},"end":{"line":1591,"column":46}},"16":{"start":{"line":1593,"column":4},"end":{"line":1593,"column":53}},"17":{"start":{"line":1594,"column":4},"end":{"line":1594,"column":41}},"18":{"start":{"line":1597,"column":4},"end":{"line":1601,"column":8}},"19":{"start":{"line":1604,"column":4},"end":{"line":1604,"column":55}},"20":{"start":{"line":1609,"column":24},"end":{"line":1609,"column":57}},"21":{"start":{"line":1610,"column":4},"end":{"line":1610,"column":91}},"22":{"start":{"line":1615,"column":30},"end":{"line":1620,"column":1}},"23":{"start":{"line":1616,"column":2},"end":{"line":1619,"column":3}},"24":{"start":{"line":1617,"column":17},"end":{"line":1617,"column":42}},"25":{"start":{"line":1618,"column":4},"end":{"line":1618,"column":27}}},"fnMap":{"0":{"name":"(anonymous_0)","decl":{"start":{"line":1573,"column":2},"end":{"line":1573,"column":20}},"loc":{"start":{"line":1573,"column":20},"end":{"line":1587,"column":3}}},"1":{"name":"(anonymous_1)","decl":{"start":{"line":1582,"column":44},"end":{"line":1582,"column":48}},"loc":{"start":{"line":1583,"column":6},"end":{"line":1583,"column":48}}},"2":{"name":"(anonymous_2)","decl":{"start":{"line":1590,"column":2},"end":{"line":1590,"column":13}},"loc":{"start":{"line":1590,"column":28},"end":{"line":1605,"column":3}}},"3":{"name":"(anonymous_3)","decl":{"start":{"line":1608,"column":2},"end":{"line":1608,"column":3}},"loc":{"start":{"line":1608,"column":32},"end":{"line":1611,"column":3}}},"4":{"name":"(anonymous_4)","decl":{"start":{"line":1615,"column":30},"end":{"line":1615,"column":33}},"loc":{"start":{"line":1615,"column":35},"end":{"line":1620,"column":1}}}},"branchMap":{"0":{"loc":{"start":{"line":1574,"column":4},"end":{"line":1574,"column":62}},"type":"if","locations":[{"start":{"line":1574,"column":4},"end":{"line":1574,"column":62}}]},"1":{"loc":{"start":{"line":1577,"column":4},"end":{"line":1579,"column":5}},"type":"if","locations":[{"start":{"line":1577,"column":4},"end":{"line":1579,"column":5}}]},"2":{"loc":{"start":{"line":1577,"column":8},"end":{"line":1577,"column":63}},"type":"binary-expr","locations":[{"start":{"line":1577,"column":8},"end":{"line":1577,"column":13}},{"start":{"line":1577,"column":17},"end":{"line":1577,"column":63}}]},"3":{"loc":{"start":{"line":1586,"column":11},"end":{"line":1586,"column":37}},"type":"binary-expr","locations":[{"start":{"line":1586,"column":11},"end":{"line":1586,"column":18}},{"start":{"line":1586,"column":22},"end":{"line":1586,"column":37}}]},"4":{"loc":{"start":{"line":1591,"column":4},"end":{"line":1591,"column":46}},"type":"if","locations":[{"start":{"line":1591,"column":4},"end":{"line":1591,"column":46}}]},"5":{"loc":{"start":{"line":1609,"column":24},"end":{"line":1609,"column":57}},"type":"binary-expr","locations":[{"start":{"line":1609,"column":24},"end":{"line":1609,"column":28}},{"start":{"line":1609,"column":32},"end":{"line":1609,"column":57}}]},"6":{"loc":{"start":{"line":1610,"column":11},"end":{"line":1610,"column":90}},"type":"binary-expr","locations":[{"start":{"line":1610,"column":11},"end":{"line":1610,"column":43}},{"start":{"line":1610,"column":47},"end":{"line":1610,"column":83}},{"start":{"line":1610,"column":87},"end":{"line":1610,"column":90}}]},"7":{"loc":{"start":{"line":1616,"column":2},"end":{"line":1619,"column":3}},"type":"if","locations":[{"start":{"line":1616,"column":2},"end":{"line":1619,"column":3}}]}},"s":{"0":0,"1":0,"2":0,"3":0,"4":0,"5":0,"6":0,"7":0,"8":0,"9":0,"10":0,"11":0,"12":0,"13":0,"14":0,"15":0,"16":0,"17":0,"18":0,"19":0,"20":0,"21":0,"22":0,"23":0,"24":0,"25":0},"f":{"0":0,"1":0,"2":0,"3":0,"4":0},"b":{"0":[0],"1":[0],"2":[0,0],"3":[0,0],"4":[0],"5":[0,0],"6":[0,0,0],"7":[0]}}
,"E:\\project\\bitcoin-china-community\\src\\lib\\utils.ts": {"path":"E:\\project\\bitcoin-china-community\\src\\lib\\utils.ts","statementMap":{"0":{"start":{"line":5,"column":2},"end":{"line":5,"column":null}},"1":{"start":{"line":15,"column":23},"end":{"line":15,"column":91}},"2":{"start":{"line":16,"column":33},"end":{"line":16,"column":35}},"3":{"start":{"line":18,"column":2},"end":{"line":29,"column":3}},"4":{"start":{"line":20,"column":24},"end":{"line":20,"column":85}},"5":{"start":{"line":22,"column":25},"end":{"line":22,"column":58}},"6":{"start":{"line":23,"column":19},"end":{"line":23,"column":112}},"7":{"start":{"line":24,"column":18},"end":{"line":24,"column":43}},"8":{"start":{"line":26,"column":4},"end":{"line":28,"column":5}},"9":{"start":{"line":27,"column":6},"end":{"line":27,"column":31}},"10":{"start":{"line":31,"column":2},"end":{"line":31,"column":22}},"11":{"start":{"line":35,"column":32},"end":{"line":35,"column":63}}},"fnMap":{"0":{"name":"cn","decl":{"start":{"line":4,"column":16},"end":{"line":4,"column":18}},"loc":{"start":{"line":4,"column":42},"end":{"line":6,"column":1}}},"1":{"name":"generateRandomPhoneNumbers","decl":{"start":{"line":13,"column":16},"end":{"line":13,"column":42}},"loc":{"start":{"line":13,"column":56},"end":{"line":32,"column":1}}}},"branchMap":{"0":{"loc":{"start":{"line":26,"column":4},"end":{"line":28,"column":5}},"type":"if","locations":[{"start":{"line":26,"column":4},"end":{"line":28,"column":5}}]}},"s":{"0":0,"1":0,"2":0,"3":0,"4":0,"5":0,"6":0,"7":0,"8":0,"9":0,"10":0,"11":0},"f":{"0":0,"1":0},"b":{"0":[0]}}
,"E:\\project\\bitcoin-china-community\\src\\pages\\Community.tsx": {"path":"E:\\project\\bitcoin-china-community\\src\\pages\\Community.tsx","statementMap":{"0":{"start":{"line":142,"column":0},"end":{"line":142,"column":24}},"1":{"start":{"line":1,"column":0},"end":{"line":1,"column":80}},"2":{"start":{"line":2,"column":0},"end":{"line":2,"column":53}},"3":{"start":{"line":3,"column":0},"end":{"line":3,"column":53}},"4":{"start":{"line":4,"column":0},"end":{"line":4,"column":31}},"5":{"start":{"line":5,"column":0},"end":{"line":5,"column":39}},"6":{"start":{"line":6,"column":0},"end":{"line":6,"column":42}},"7":{"start":{"line":9,"column":20},"end":{"line":76,"column":2}},"8":{"start":{"line":79,"column":23},"end":{"line":124,"column":2}},"9":{"start":{"line":80,"column":16},"end":{"line":80,"column":25}},"10":{"start":{"line":82,"column":2},"end":{"line":123,"column":4}},"11":{"start":{"line":88,"column":21},"end":{"line":88,"column":43}},"12":{"start":{"line":115,"column":14},"end":{"line":115,"column":32}},"13":{"start":{"line":127,"column":16},"end":{"line":140,"column":2}},"14":{"start":{"line":128,"column":2},"end":{"line":139,"column":4}},"15":{"start":{"line":143,"column":16},"end":{"line":143,"column":25}},"16":{"start":{"line":144,"column":38},"end":{"line":144,"column":61}},"17":{"start":{"line":145,"column":34},"end":{"line":145,"column":46}},"18":{"start":{"line":146,"column":40},"end":{"line":146,"column":51}},"19":{"start":{"line":147,"column":36},"end":{"line":147,"column":51}},"20":{"start":{"line":148,"column":19},"end":{"line":148,"column":32}},"21":{"start":{"line":149,"column":23},"end":{"line":149,"column":24}},"22":{"start":{"line":152,"column":22},"end":{"line":219,"column":4}},"23":{"start":{"line":222,"column":31},"end":{"line":225,"column":32}},"24":{"start":{"line":223,"column":23},"end":{"line":223,"column":55}},"25":{"start":{"line":224,"column":4},"end":{"line":224,"column":68}},"26":{"start":{"line":228,"column":21},"end":{"line":230,"column":26}},"27":{"start":{"line":229,"column":4},"end":{"line":229,"column":56}},"28":{"start":{"line":233,"column":23},"end":{"line":237,"column":27}},"29":{"start":{"line":234,"column":4},"end":{"line":234,"column":13}},"30":{"start":{"line":235,"column":4},"end":{"line":235,"column":39}},"31":{"start":{"line":236,"column":4},"end":{"line":236,"column":23}},"32":{"start":{"line":239,"column":32},"end":{"line":241,"column":16}},"33":{"start":{"line":240,"column":4},"end":{"line":240,"column":39}},"34":{"start":{"line":243,"column":25},"end":{"line":261,"column":46}},"35":{"start":{"line":244,"column":4},"end":{"line":248,"column":5}},"36":{"start":{"line":245,"column":6},"end":{"line":245,"column":45}},"37":{"start":{"line":246,"column":6},"end":{"line":246,"column":25}},"38":{"start":{"line":247,"column":6},"end":{"line":247,"column":13}},"39":{"start":{"line":250,"column":4},"end":{"line":253,"column":5}},"40":{"start":{"line":251,"column":6},"end":{"line":251,"column":48}},"41":{"start":{"line":252,"column":6},"end":{"line":252,"column":13}},"42":{"start":{"line":255,"column":4},"end":{"line":255,"column":23}},"43":{"start":{"line":256,"column":4},"end":{"line":260,"column":12}},"44":{"start":{"line":257,"column":6},"end":{"line":257,"column":51}},"45":{"start":{"line":258,"column":6},"end":{"line":258,"column":22}},"46":{"start":{"line":259,"column":6},"end":{"line":259,"column":26}},"47":{"start":{"line":263,"column":27},"end":{"line":267,"column":18}},"48":{"start":{"line":264,"column":4},"end":{"line":264,"column":46}},"49":{"start":{"line":264,"column":39},"end":{"line":264,"column":46}},"50":{"start":{"line":265,"column":4},"end":{"line":265,"column":25}},"51":{"start":{"line":266,"column":4},"end":{"line":266,"column":52}},"52":{"start":{"line":269,"column":2},"end":{"line":573,"column":4}},"53":{"start":{"line":334,"column":35},"end":{"line":334,"column":62}},"54":{"start":{"line":370,"column":18},"end":{"line":371,"column":null}},"55":{"start":{"line":385,"column":37},"end":{"line":385,"column":70}},"56":{"start":{"line":391,"column":38},"end":{"line":391,"column":43}},"57":{"start":{"line":392,"column":22},"end":{"line":410,"column":23}},"58":{"start":{"line":397,"column":24},"end":{"line":409,"column":26}},"59":{"start":{"line":405,"column":43},"end":{"line":405,"column":68}},"60":{"start":{"line":412,"column":22},"end":{"line":417,"column":23}},"61":{"start":{"line":416,"column":24},"end":{"line":416,"column":103}},"62":{"start":{"line":419,"column":22},"end":{"line":419,"column":34}},"63":{"start":{"line":425,"column":37},"end":{"line":425,"column":70}},"64":{"start":{"line":476,"column":18},"end":{"line":476,"column":39}},"65":{"start":{"line":486,"column":18},"end":{"line":486,"column":31}}},"fnMap":{"0":{"name":"(anonymous_9)","decl":{"start":{"line":79,"column":28},"end":{"line":79,"column":29}},"loc":{"start":{"line":79,"column":126},"end":{"line":124,"column":1}}},"1":{"name":"(anonymous_10)","decl":{"start":{"line":88,"column":15},"end":{"line":88,"column":18}},"loc":{"start":{"line":88,"column":21},"end":{"line":88,"column":43}}},"2":{"name":"(anonymous_11)","decl":{"start":{"line":114,"column":33},"end":{"line":114,"column":34}},"loc":{"start":{"line":115,"column":14},"end":{"line":115,"column":32}}},"3":{"name":"(anonymous_12)","decl":{"start":{"line":127,"column":21},"end":{"line":127,"column":22}},"loc":{"start":{"line":127,"column":97},"end":{"line":140,"column":1}}},"4":{"name":"Community","decl":{"start":{"line":142,"column":24},"end":{"line":142,"column":33}},"loc":{"start":{"line":142,"column":33},"end":{"line":574,"column":1}}},"5":{"name":"(anonymous_14)","decl":{"start":{"line":222,"column":39},"end":{"line":222,"column":42}},"loc":{"start":{"line":222,"column":44},"end":{"line":225,"column":3}}},"6":{"name":"(anonymous_15)","decl":{"start":{"line":228,"column":29},"end":{"line":228,"column":32}},"loc":{"start":{"line":228,"column":34},"end":{"line":230,"column":3}}},"7":{"name":"(anonymous_16)","decl":{"start":{"line":233,"column":35},"end":{"line":233,"column":38}},"loc":{"start":{"line":233,"column":40},"end":{"line":237,"column":3}}},"8":{"name":"(anonymous_17)","decl":{"start":{"line":239,"column":44},"end":{"line":239,"column":45}},"loc":{"start":{"line":239,"column":59},"end":{"line":241,"column":3}}},"9":{"name":"(anonymous_18)","decl":{"start":{"line":243,"column":37},"end":{"line":243,"column":40}},"loc":{"start":{"line":243,"column":42},"end":{"line":261,"column":3}}},"10":{"name":"(anonymous_19)","decl":{"start":{"line":256,"column":15},"end":{"line":256,"column":18}},"loc":{"start":{"line":256,"column":20},"end":{"line":260,"column":5}}},"11":{"name":"(anonymous_20)","decl":{"start":{"line":263,"column":39},"end":{"line":263,"column":40}},"loc":{"start":{"line":263,"column":56},"end":{"line":267,"column":3}}},"12":{"name":"(anonymous_21)","decl":{"start":{"line":334,"column":28},"end":{"line":334,"column":29}},"loc":{"start":{"line":334,"column":35},"end":{"line":334,"column":62}}},"13":{"name":"(anonymous_22)","decl":{"start":{"line":369,"column":42},"end":{"line":369,"column":43}},"loc":{"start":{"line":370,"column":18},"end":{"line":371,"column":null}}},"14":{"name":"(anonymous_23)","decl":{"start":{"line":385,"column":31},"end":{"line":385,"column":34}},"loc":{"start":{"line":385,"column":37},"end":{"line":385,"column":70}}},"15":{"name":"(anonymous_24)","decl":{"start":{"line":390,"column":48},"end":{"line":390,"column":49}},"loc":{"start":{"line":390,"column":57},"end":{"line":420,"column":21}}},"16":{"name":"(anonymous_25)","decl":{"start":{"line":405,"column":37},"end":{"line":405,"column":40}},"loc":{"start":{"line":405,"column":43},"end":{"line":405,"column":68}}},"17":{"name":"(anonymous_26)","decl":{"start":{"line":425,"column":31},"end":{"line":425,"column":34}},"loc":{"start":{"line":425,"column":37},"end":{"line":425,"column":70}}},"18":{"name":"(anonymous_27)","decl":{"start":{"line":475,"column":22},"end":{"line":475,"column":23}},"loc":{"start":{"line":476,"column":18},"end":{"line":476,"column":39}}},"19":{"name":"(anonymous_28)","decl":{"start":{"line":485,"column":37},"end":{"line":485,"column":38}},"loc":{"start":{"line":486,"column":18},"end":{"line":486,"column":31}}}},"branchMap":{"0":{"loc":{"start":{"line":244,"column":4},"end":{"line":248,"column":5}},"type":"if","locations":[{"start":{"line":244,"column":4},"end":{"line":248,"column":5}}]},"1":{"loc":{"start":{"line":250,"column":4},"end":{"line":253,"column":5}},"type":"if","locations":[{"start":{"line":250,"column":4},"end":{"line":253,"column":5}}]},"2":{"loc":{"start":{"line":264,"column":4},"end":{"line":264,"column":46}},"type":"if","locations":[{"start":{"line":264,"column":4},"end":{"line":264,"column":46}}]},"3":{"loc":{"start":{"line":264,"column":8},"end":{"line":264,"column":37}},"type":"binary-expr","locations":[{"start":{"line":264,"column":8},"end":{"line":264,"column":16}},{"start":{"line":264,"column":20},"end":{"line":264,"column":37}}]},"4":{"loc":{"start":{"line":287,"column":13},"end":{"line":308,"column":null}},"type":"cond-expr","locations":[{"start":{"line":288,"column":14},"end":{"line":292,"column":null}},{"start":{"line":295,"column":14},"end":{"line":307,"column":null}}]},"5":{"loc":{"start":{"line":345,"column":19},"end":{"line":351,"column":null}},"type":"cond-expr","locations":[{"start":{"line":346,"column":20},"end":{"line":348,"column":null}},{"start":{"line":351,"column":20},"end":{"line":351,"column":47}}]},"6":{"loc":{"start":{"line":379,"column":15},"end":{"line":430,"column":null}},"type":"binary-expr","locations":[{"start":{"line":379,"column":15},"end":{"line":379,"column":29}},{"start":{"line":380,"column":16},"end":{"line":429,"column":null}}]},"7":{"loc":{"start":{"line":392,"column":22},"end":{"line":410,"column":23}},"type":"if","locations":[{"start":{"line":392,"column":22},"end":{"line":410,"column":23}}]},"8":{"loc":{"start":{"line":393,"column":24},"end":{"line":395,"column":60}},"type":"binary-expr","locations":[{"start":{"line":393,"column":24},"end":{"line":393,"column":37}},{"start":{"line":394,"column":24},"end":{"line":394,"column":46}},{"start":{"line":395,"column":24},"end":{"line":395,"column":60}}]},"9":{"loc":{"start":{"line":401,"column":30},"end":{"line":403,"column":null}},"type":"cond-expr","locations":[{"start":{"line":402,"column":34},"end":{"line":402,"column":58}},{"start":{"line":403,"column":34},"end":{"line":403,"column":null}}]},"10":{"loc":{"start":{"line":412,"column":22},"end":{"line":417,"column":23}},"type":"if","locations":[{"start":{"line":412,"column":22},"end":{"line":417,"column":23}}]},"11":{"loc":{"start":{"line":413,"column":24},"end":{"line":414,"column":84}},"type":"binary-expr","locations":[{"start":{"line":413,"column":25},"end":{"line":413,"column":38}},{"start":{"line":413,"column":42},"end":{"line":413,"column":57}},{"start":{"line":414,"column":25},"end":{"line":414,"column":51}},{"start":{"line":414,"column":55},"end":{"line":414,"column":83}}]}},"s":{"0":1,"1":1,"2":1,"3":1,"4":1,"5":1,"6":1,"7":1,"8":1,"9":61,"10":61,"11":2,"12":159,"13":1,"14":130,"15":13,"16":13,"17":13,"18":13,"19":13,"20":13,"21":13,"22":13,"23":13,"24":13,"25":13,"26":13,"27":8,"28":13,"29":1,"30":1,"31":1,"32":13,"33":2,"34":13,"35":2,"36":1,"37":1,"38":1,"39":1,"40":0,"41":0,"42":1,"43":1,"44":1,"45":1,"46":1,"47":13,"48":1,"49":0,"50":1,"51":1,"52":13,"53":2,"54":61,"55":0,"56":26,"57":26,"58":26,"59":1,"60":0,"61":0,"62":0,"63":0,"64":130,"65":65},"f":{"0":61,"1":2,"2":159,"3":130,"4":13,"5":13,"6":8,"7":1,"8":2,"9":2,"10":1,"11":1,"12":2,"13":61,"14":0,"15":26,"16":1,"17":0,"18":130,"19":65},"b":{"0":[1],"1":[0],"2":[0],"3":[1,1],"4":[11,2],"5":[1,12],"6":[13,13],"7":[26],"8":[26,13,0],"9":[13,13],"10":[0],"11":[0,0,0,0]}}
,"E:\\project\\bitcoin-china-community\\src\\pages\\CommunityTopic.tsx": {"path":"E:\\project\\bitcoin-china-community\\src\\pages\\CommunityTopic.tsx","statementMap":{"0":{"start":{"line":7,"column":19},"end":{"line":85,"column":2}},"1":{"start":{"line":88,"column":24},"end":{"line":91,"column":1}},"2":{"start":{"line":89,"column":2},"end":{"line":89,"column":23}},"3":{"start":{"line":89,"column":11},"end":{"line":89,"column":23}},"4":{"start":{"line":90,"column":2},"end":{"line":90,"column":61}},"5":{"start":{"line":90,"column":34},"end":{"line":90,"column":59}},"6":{"start":{"line":94,"column":17},"end":{"line":94,"column":28}},"7":{"start":{"line":95,"column":30},"end":{"line":95,"column":53}},"8":{"start":{"line":96,"column":42},"end":{"line":96,"column":54}},"9":{"start":{"line":97,"column":48},"end":{"line":97,"column":63}},"10":{"start":{"line":98,"column":19},"end":{"line":98,"column":32}},"11":{"start":{"line":99,"column":42},"end":{"line":99,"column":71}},"12":{"start":{"line":102,"column":2},"end":{"line":107,"column":35}},"13":{"start":{"line":103,"column":4},"end":{"line":106,"column":5}},"14":{"start":{"line":104,"column":6},"end":{"line":104,"column":27}},"15":{"start":{"line":105,"column":6},"end":{"line":105,"column":29}},"16":{"start":{"line":109,"column":2},"end":{"line":118,"column":3}},"17":{"start":{"line":110,"column":4},"end":{"line":117,"column":6}},"18":{"start":{"line":120,"column":23},"end":{"line":159,"column":4}},"19":{"start":{"line":121,"column":5},"end":{"line":125,"column":6}},"20":{"start":{"line":122,"column":7},"end":{"line":122,"column":30}},"21":{"start":{"line":123,"column":7},"end":{"line":123,"column":26}},"22":{"start":{"line":124,"column":7},"end":{"line":124,"column":14}},"23":{"start":{"line":127,"column":5},"end":{"line":130,"column":6}},"24":{"start":{"line":128,"column":7},"end":{"line":128,"column":30}},"25":{"start":{"line":129,"column":7},"end":{"line":129,"column":14}},"26":{"start":{"line":132,"column":5},"end":{"line":158,"column":7}},"27":{"start":{"line":134,"column":7},"end":{"line":134,"column":62}},"28":{"start":{"line":134,"column":36},"end":{"line":134,"column":60}},"29":{"start":{"line":137,"column":24},"end":{"line":143,"column":9}},"30":{"start":{"line":146,"column":8},"end":{"line":151,"column":9}},"31":{"start":{"line":147,"column":10},"end":{"line":150,"column":13}},"32":{"start":{"line":153,"column":7},"end":{"line":153,"column":30}},"33":{"start":{"line":154,"column":7},"end":{"line":154,"column":27}},"34":{"start":{"line":156,"column":8},"end":{"line":156,"column":32}},"35":{"start":{"line":157,"column":8},"end":{"line":157,"column":33}},"36":{"start":{"line":162,"column":23},"end":{"line":182,"column":5}},"37":{"start":{"line":163,"column":6},"end":{"line":181,"column":7}},"38":{"start":{"line":165,"column":8},"end":{"line":165,"column":63}},"39":{"start":{"line":165,"column":37},"end":{"line":165,"column":61}},"40":{"start":{"line":167,"column":8},"end":{"line":176,"column":9}},"41":{"start":{"line":168,"column":10},"end":{"line":175,"column":13}},"42":{"start":{"line":171,"column":14},"end":{"line":173,"column":23}},"43":{"start":{"line":178,"column":8},"end":{"line":178,"column":31}},"44":{"start":{"line":180,"column":8},"end":{"line":180,"column":32}},"45":{"start":{"line":185,"column":22},"end":{"line":195,"column":null}},"46":{"start":{"line":186,"column":5},"end":{"line":194,"column":null}},"47":{"start":{"line":198,"column":3},"end":{"line":491,"column":4}},"48":{"start":{"line":252,"column":18},"end":{"line":252,"column":36}},"49":{"start":{"line":281,"column":18},"end":{"line":284,"column":19}},"50":{"start":{"line":282,"column":33},"end":{"line":282,"column":72}},"51":{"start":{"line":283,"column":20},"end":{"line":283,"column":70}},"52":{"start":{"line":285,"column":18},"end":{"line":285,"column":30}},"53":{"start":{"line":300,"column":33},"end":{"line":300,"column":64}},"54":{"start":{"line":313,"column":27},"end":{"line":313,"column":53}},"55":{"start":{"line":314,"column":27},"end":{"line":314,"column":41}},"56":{"start":{"line":332,"column":16},"end":{"line":332,"column":36}},"57":{"start":{"line":349,"column":23},"end":{"line":349,"column":43}},"58":{"start":{"line":387,"column":18},"end":{"line":388,"column":null}},"59":{"start":{"line":410,"column":18},"end":{"line":411,"column":null}}},"fnMap":{"0":{"name":"(anonymous_0)","decl":{"start":{"line":88,"column":24},"end":{"line":88,"column":25}},"loc":{"start":{"line":88,"column":51},"end":{"line":91,"column":1}}},"1":{"name":"(anonymous_1)","decl":{"start":{"line":90,"column":25},"end":{"line":90,"column":30}},"loc":{"start":{"line":90,"column":34},"end":{"line":90,"column":59}}},"2":{"name":"CommunityTopic","decl":{"start":{"line":93,"column":24},"end":{"line":93,"column":38}},"loc":{"start":{"line":93,"column":38},"end":{"line":492,"column":1}}},"3":{"name":"(anonymous_3)","decl":{"start":{"line":102,"column":12},"end":{"line":102,"column":15}},"loc":{"start":{"line":102,"column":17},"end":{"line":107,"column":3}}},"4":{"name":"(anonymous_4)","decl":{"start":{"line":120,"column":23},"end":{"line":120,"column":28}},"loc":{"start":{"line":120,"column":34},"end":{"line":159,"column":4}}},"5":{"name":"(anonymous_5)","decl":{"start":{"line":134,"column":25},"end":{"line":134,"column":32}},"loc":{"start":{"line":134,"column":36},"end":{"line":134,"column":60}}},"6":{"name":"(anonymous_6)","decl":{"start":{"line":162,"column":23},"end":{"line":162,"column":28}},"loc":{"start":{"line":162,"column":49},"end":{"line":182,"column":5}}},"7":{"name":"(anonymous_7)","decl":{"start":{"line":165,"column":26},"end":{"line":165,"column":33}},"loc":{"start":{"line":165,"column":37},"end":{"line":165,"column":61}}},"8":{"name":"(anonymous_8)","decl":{"start":{"line":170,"column":54},"end":{"line":170,"column":59}},"loc":{"start":{"line":171,"column":14},"end":{"line":173,"column":23}}},"9":{"name":"(anonymous_9)","decl":{"start":{"line":185,"column":22},"end":{"line":185,"column":23}},"loc":{"start":{"line":186,"column":5},"end":{"line":194,"column":null}}},"10":{"name":"(anonymous_10)","decl":{"start":{"line":251,"column":39},"end":{"line":251,"column":40}},"loc":{"start":{"line":252,"column":18},"end":{"line":252,"column":36}}},"11":{"name":"(anonymous_11)","decl":{"start":{"line":280,"column":54},"end":{"line":280,"column":55}},"loc":{"start":{"line":280,"column":75},"end":{"line":286,"column":17}}},"12":{"name":"(anonymous_12)","decl":{"start":{"line":300,"column":26},"end":{"line":300,"column":27}},"loc":{"start":{"line":300,"column":33},"end":{"line":300,"column":64}}},"13":{"name":"(anonymous_13)","decl":{"start":{"line":312,"column":34},"end":{"line":312,"column":37}},"loc":{"start":{"line":312,"column":39},"end":{"line":315,"column":26}}},"14":{"name":"(anonymous_14)","decl":{"start":{"line":331,"column":44},"end":{"line":331,"column":45}},"loc":{"start":{"line":332,"column":16},"end":{"line":332,"column":36}}},"15":{"name":"(anonymous_15)","decl":{"start":{"line":349,"column":17},"end":{"line":349,"column":20}},"loc":{"start":{"line":349,"column":23},"end":{"line":349,"column":43}}},"16":{"name":"(anonymous_16)","decl":{"start":{"line":386,"column":34},"end":{"line":386,"column":35}},"loc":{"start":{"line":387,"column":18},"end":{"line":388,"column":null}}},"17":{"name":"(anonymous_17)","decl":{"start":{"line":409,"column":84},"end":{"line":409,"column":85}},"loc":{"start":{"line":410,"column":18},"end":{"line":411,"column":null}}}},"branchMap":{"0":{"loc":{"start":{"line":89,"column":2},"end":{"line":89,"column":23}},"type":"if","locations":[{"start":{"line":89,"column":2},"end":{"line":89,"column":23}}]},"1":{"loc":{"start":{"line":103,"column":4},"end":{"line":106,"column":5}},"type":"if","locations":[{"start":{"line":103,"column":4},"end":{"line":106,"column":5}}]},"2":{"loc":{"start":{"line":103,"column":8},"end":{"line":103,"column":27}},"type":"binary-expr","locations":[{"start":{"line":103,"column":8},"end":{"line":103,"column":21}},{"start":{"line":103,"column":25},"end":{"line":103,"column":27}}]},"3":{"loc":{"start":{"line":109,"column":2},"end":{"line":118,"column":3}},"type":"if","locations":[{"start":{"line":109,"column":2},"end":{"line":118,"column":3}}]},"4":{"loc":{"start":{"line":121,"column":5},"end":{"line":125,"column":6}},"type":"if","locations":[{"start":{"line":121,"column":5},"end":{"line":125,"column":6}}]},"5":{"loc":{"start":{"line":127,"column":5},"end":{"line":130,"column":6}},"type":"if","locations":[{"start":{"line":127,"column":5},"end":{"line":130,"column":6}}]},"6":{"loc":{"start":{"line":146,"column":8},"end":{"line":151,"column":9}},"type":"if","locations":[{"start":{"line":146,"column":8},"end":{"line":151,"column":9}}]},"7":{"loc":{"start":{"line":167,"column":8},"end":{"line":176,"column":9}},"type":"if","locations":[{"start":{"line":167,"column":8},"end":{"line":176,"column":9}}]},"8":{"loc":{"start":{"line":171,"column":14},"end":{"line":173,"column":23}},"type":"cond-expr","locations":[{"start":{"line":172,"column":18},"end":{"line":172,"column":70}},{"start":{"line":173,"column":18},"end":{"line":173,"column":23}}]},"9":{"loc":{"start":{"line":172,"column":39},"end":{"line":172,"column":63}},"type":"binary-expr","locations":[{"start":{"line":172,"column":39},"end":{"line":172,"column":58}},{"start":{"line":172,"column":62},"end":{"line":172,"column":63}}]},"10":{"loc":{"start":{"line":216,"column":13},"end":{"line":234,"column":null}},"type":"cond-expr","locations":[{"start":{"line":217,"column":14},"end":{"line":217,"column":null}},{"start":{"line":221,"column":14},"end":{"line":233,"column":null}}]},"11":{"loc":{"start":{"line":281,"column":18},"end":{"line":284,"column":19}},"type":"if","locations":[{"start":{"line":281,"column":18},"end":{"line":284,"column":19}}]},"12":{"loc":{"start":{"line":281,"column":22},"end":{"line":281,"column":93}},"type":"binary-expr","locations":[{"start":{"line":281,"column":22},"end":{"line":281,"column":56}},{"start":{"line":281,"column":60},"end":{"line":281,"column":93}}]},"13":{"loc":{"start":{"line":309,"column":20},"end":{"line":323,"column":null}},"type":"cond-expr","locations":[{"start":{"line":310,"column":21},"end":{"line":319,"column":null}},{"start":{"line":323,"column":21},"end":{"line":323,"column":27}}]},"14":{"loc":{"start":{"line":352,"column":61},"end":{"line":352,"column":85}},"type":"binary-expr","locations":[{"start":{"line":352,"column":61},"end":{"line":352,"column":80}},{"start":{"line":352,"column":84},"end":{"line":352,"column":85}}]},"15":{"loc":{"start":{"line":393,"column":23},"end":{"line":395,"column":45}},"type":"cond-expr","locations":[{"start":{"line":394,"column":26},"end":{"line":394,"column":48}},{"start":{"line":395,"column":26},"end":{"line":395,"column":45}}]}},"s":{"0":0,"1":0,"2":0,"3":0,"4":0,"5":0,"6":0,"7":0,"8":0,"9":0,"10":0,"11":0,"12":0,"13":0,"14":0,"15":0,"16":0,"17":0,"18":0,"19":0,"20":0,"21":0,"22":0,"23":0,"24":0,"25":0,"26":0,"27":0,"28":0,"29":0,"30":0,"31":0,"32":0,"33":0,"34":0,"35":0,"36":0,"37":0,"38":0,"39":0,"40":0,"41":0,"42":0,"43":0,"44":0,"45":0,"46":0,"47":0,"48":0,"49":0,"50":0,"51":0,"52":0,"53":0,"54":0,"55":0,"56":0,"57":0,"58":0,"59":0},"f":{"0":0,"1":0,"2":0,"3":0,"4":0,"5":0,"6":0,"7":0,"8":0,"9":0,"10":0,"11":0,"12":0,"13":0,"14":0,"15":0,"16":0,"17":0},"b":{"0":[0],"1":[0],"2":[0,0],"3":[0],"4":[0],"5":[0],"6":[0],"7":[0],"8":[0,0],"9":[0,0],"10":[0,0],"11":[0],"12":[0,0],"13":[0,0],"14":[0,0],"15":[0,0]}}
,"E:\\project\\bitcoin-china-community\\src\\pages\\Contact.tsx": {"path":"E:\\project\\bitcoin-china-community\\src\\pages\\Contact.tsx","statementMap":{"0":{"start":{"line":7,"column":38},"end":{"line":7,"column":61}},"1":{"start":{"line":8,"column":19},"end":{"line":8,"column":32}},"2":{"start":{"line":9,"column":34},"end":{"line":14,"column":4}},"3":{"start":{"line":15,"column":42},"end":{"line":15,"column":57}},"4":{"start":{"line":17,"column":23},"end":{"line":21,"column":3}},"5":{"start":{"line":18,"column":4},"end":{"line":18,"column":13}},"6":{"start":{"line":19,"column":4},"end":{"line":19,"column":29}},"7":{"start":{"line":20,"column":4},"end":{"line":20,"column":23}},"8":{"start":{"line":23,"column":23},"end":{"line":26,"column":3}},"9":{"start":{"line":24,"column":28},"end":{"line":24,"column":36}},"10":{"start":{"line":25,"column":4},"end":{"line":25,"column":54}},"11":{"start":{"line":25,"column":25},"end":{"line":25,"column":51}},"12":{"start":{"line":28,"column":23},"end":{"line":69,"column":3}},"13":{"start":{"line":29,"column":4},"end":{"line":29,"column":23}},"14":{"start":{"line":32,"column":4},"end":{"line":35,"column":5}},"15":{"start":{"line":33,"column":6},"end":{"line":33,"column":29}},"16":{"start":{"line":34,"column":6},"end":{"line":34,"column":13}},"17":{"start":{"line":37,"column":4},"end":{"line":40,"column":5}},"18":{"start":{"line":38,"column":6},"end":{"line":38,"column":29}},"19":{"start":{"line":39,"column":6},"end":{"line":39,"column":13}},"20":{"start":{"line":42,"column":4},"end":{"line":45,"column":5}},"21":{"start":{"line":43,"column":6},"end":{"line":43,"column":32}},"22":{"start":{"line":44,"column":6},"end":{"line":44,"column":13}},"23":{"start":{"line":47,"column":4},"end":{"line":50,"column":5}},"24":{"start":{"line":48,"column":6},"end":{"line":48,"column":27}},"25":{"start":{"line":49,"column":6},"end":{"line":49,"column":13}},"26":{"start":{"line":52,"column":4},"end":{"line":55,"column":5}},"27":{"start":{"line":53,"column":6},"end":{"line":53,"column":31}},"28":{"start":{"line":54,"column":6},"end":{"line":54,"column":13}},"29":{"start":{"line":58,"column":4},"end":{"line":58,"column":26}},"30":{"start":{"line":59,"column":4},"end":{"line":68,"column":13}},"31":{"start":{"line":60,"column":6},"end":{"line":60,"column":39}},"32":{"start":{"line":61,"column":6},"end":{"line":66,"column":9}},"33":{"start":{"line":67,"column":6},"end":{"line":67,"column":29}},"34":{"start":{"line":71,"column":2},"end":{"line":309,"column":4}}},"fnMap":{"0":{"name":"Contact","decl":{"start":{"line":6,"column":24},"end":{"line":6,"column":31}},"loc":{"start":{"line":6,"column":31},"end":{"line":310,"column":1}}},"1":{"name":"(anonymous_1)","decl":{"start":{"line":17,"column":23},"end":{"line":17,"column":26}},"loc":{"start":{"line":17,"column":28},"end":{"line":21,"column":3}}},"2":{"name":"(anonymous_2)","decl":{"start":{"line":23,"column":23},"end":{"line":23,"column":24}},"loc":{"start":{"line":23,"column":88},"end":{"line":26,"column":3}}},"3":{"name":"(anonymous_3)","decl":{"start":{"line":25,"column":16},"end":{"line":25,"column":20}},"loc":{"start":{"line":25,"column":25},"end":{"line":25,"column":51}}},"4":{"name":"(anonymous_4)","decl":{"start":{"line":28,"column":23},"end":{"line":28,"column":24}},"loc":{"start":{"line":28,"column":46},"end":{"line":69,"column":3}}},"5":{"name":"(anonymous_5)","decl":{"start":{"line":59,"column":15},"end":{"line":59,"column":18}},"loc":{"start":{"line":59,"column":20},"end":{"line":68,"column":5}}}},"branchMap":{"0":{"loc":{"start":{"line":32,"column":4},"end":{"line":35,"column":5}},"type":"if","locations":[{"start":{"line":32,"column":4},"end":{"line":35,"column":5}}]},"1":{"loc":{"start":{"line":37,"column":4},"end":{"line":40,"column":5}},"type":"if","locations":[{"start":{"line":37,"column":4},"end":{"line":40,"column":5}}]},"2":{"loc":{"start":{"line":42,"column":4},"en
[...]
{"line":303,"column":4},"end":{"line":303,"column":102}},"134":{"start":{"line":307,"column":4},"end":{"line":307,"column":72}},"135":{"start":{"line":311,"column":4},"end":{"line":311,"column":52}},"136":{"start":{"line":315,"column":18},"end":{"line":315,"column":35}},"137":{"start":{"line":316,"column":24},"end":{"line":316,"column":77}},"138":{"start":{"line":318,"column":4},"end":{"line":318,"column":50}},"139":{"start":{"line":318,"column":37},"end":{"line":318,"column":50}},"140":{"start":{"line":319,"column":4},"end":{"line":319,"column":45}},"141":{"start":{"line":319,"column":33},"end":{"line":319,"column":45}},"142":{"start":{"line":320,"column":4},"end":{"line":320,"column":45}},"143":{"start":{"line":320,"column":33},"end":{"line":320,"column":45}},"144":{"start":{"line":321,"column":4},"end":{"line":321,"column":45}},"145":{"start":{"line":321,"column":33},"end":{"line":321,"column":45}},"146":{"start":{"line":322,"column":4},"end":{"line":322,"column":16}}},"fnMap":{"0":{"name":"(anonymous_0)","decl":{"start":{"line":8,"column":7},"end":{"line":8,"column":17}},"loc":{"start":{"line":8,"column":42},"end":{"line":15,"column":3}}},"1":{"name":"(anonymous_1)","decl":{"start":{"line":17,"column":7},"end":{"line":17,"column":17}},"loc":{"start":{"line":17,"column":48},"end":{"line":23,"column":3}}},"2":{"name":"(anonymous_2)","decl":{"start":{"line":25,"column":10},"end":{"line":25,"column":11}},"loc":{"start":{"line":25,"column":32},"end":{"line":31,"column":3}}},"3":{"name":"(anonymous_3)","decl":{"start":{"line":33,"column":9},"end":{"line":33,"column":18}},"loc":{"start":{"line":33,"column":20},"end":{"line":39,"column":3}}},"4":{"name":"(anonymous_4)","decl":{"start":{"line":44,"column":18},"end":{"line":44,"column":28}},"loc":{"start":{"line":44,"column":30},"end":{"line":46,"column":3}}},"5":{"name":"(anonymous_5)","decl":{"start":{"line":48,"column":14},"end":{"line":48,"column":15}},"loc":{"start":{"line":48,"column":37},"end":{"line":55,"column":3}}},"6":{"name":"(anonymous_6)","decl":{"start":{"line":57,"column":18},"end":{"line":57,"column":28}},"loc":{"start":{"line":57,"column":30},"end":{"line":59,"column":3}}},"7":{"name":"(anonymous_7)","decl":{"start":{"line":61,"column":13},"end":{"line":61,"column":14}},"loc":{"start":{"line":61,"column":36},"end":{"line":63,"column":3}}},"8":{"name":"(anonymous_8)","decl":{"start":{"line":68,"column":21},"end":{"line":68,"column":34}},"loc":{"start":{"line":68,"column":36},"end":{"line":70,"column":3}}},"9":{"name":"(anonymous_9)","decl":{"start":{"line":72,"column":16},"end":{"line":72,"column":17}},"loc":{"start":{"line":72,"column":41},"end":{"line":74,"column":3}}},"10":{"name":"(anonymous_10)","decl":{"start":{"line":76,"column":22},"end":{"line":76,"column":35}},"loc":{"start":{"line":76,"column":37},"end":{"line":90,"column":3}}},"11":{"name":"(anonymous_11)","decl":{"start":{"line":87,"column":48},"end":{"line":87,"column":52}},"loc":{"start":{"line":87,"column":56},"end":{"line":87,"column":81}}},"12":{"name":"(anonymous_12)","decl":{"start":{"line":95,"column":17},"end":{"line":95,"column":18}},"loc":{"start":{"line":95,"column":151},"end":{"line":108,"column":3}}},"13":{"name":"(anonymous_13)","decl":{"start":{"line":97,"column":35},"end":{"line":97,"column":36}},"loc":{"start":{"line":97,"column":40},"end":{"line":97,"column":62}}},"14":{"name":"(anonymous_14)","decl":{"start":{"line":110,"column":20},"end":{"line":110,"column":21}},"loc":{"start":{"line":110,"column":129},"end":{"line":122,"column":3}}},"15":{"name":"(anonymous_15)","decl":{"start":{"line":124,"column":17},"end":{"line":124,"column":18}},"loc":{"start":{"line":124,"column":123},"end":{"line":134,"column":3}}},"16":{"name":"(anonymous_16)","decl":{"start":{"line":136,"column":28},"end":{"line":136,"column":29}},"loc":{"start":{"line":136,"column":133},"end":{"line":148,"column":3}}},"17":{"name":"(anonymous_17)","decl":{"start":{"line":153,"column":21},"end":{"line":153,"column":22}},"loc":{"start":{"line":153,"column":50},"end":{"line":169,"column":3}}},"18":{"name":"(anonymous_18)","decl":{"start":{"line":171,"column":20},"end":{"line":171,"column":21}},"loc":{"start":{"line":171,"column":116},"end":{"line":179,"column":3}}},"19":{"name":"(anonymous_19)","decl":{"start":{"line":181,"column":20},"end":{"line":181,"column":21}},"loc":{"start":{"line":181,"column":46},"end":{"line":184,"column":3}}},"20":{"name":"(anonymous_20)","decl":{"start":{"line":189,"column":15},"end":{"line":189,"column":16}},"loc":{"start":{"line":189,"column":69},"end":{"line":199,"column":3}}},"21":{"name":"(anonymous_21)","decl":{"start":{"line":190,"column":35},"end":{"line":190,"column":36}},"loc":{"start":{"line":190,"column":40},"end":{"line":190,"column":62}}},"22":{"name":"(anonymous_22)","decl":{"start":{"line":201,"column":14},"end":{"line":201,"column":15}},"loc":{"start":{"line":201,"column":72},"end":{"line":208,"column":3}}},"23":{"name":"(anonymous_23)","decl":{"start":{"line":210,"column":14},"end":{"line":210,"column":15}},"loc":{"start":{"line":210,"column":72},"end":{"line":216,"column":3}}},"24":{"name":"(anonymous_24)","decl":{"start":{"line":218,"column":16},"end":{"line":218,"column":17}},"loc":{"start":{"line":218,"column":69},"end":{"line":220,"column":3}}},"25":{"name":"(anonymous_25)","decl":{"start":{"line":222,"column":16},"end":{"line":222,"column":17}},"loc":{"start":{"line":222,"column":60},"end":{"line":225,"column":3}}},"26":{"name":"(anonymous_26)","decl":{"start":{"line":230,"column":17},"end":{"line":230,"column":18}},"loc":{"start":{"line":230,"column":50},"end":{"line":233,"column":3}}},"27":{"name":"(anonymous_27)","decl":{"start":{"line":235,"column":17},"end":{"line":235,"column":18}},"loc":{"start":{"line":235,"column":56},"end":{"line":239,"column":3}}},"28":{"name":"(anonymous_28)","decl":{"start":{"line":241,"column":20},"end":{"line":241,"column":21}},"loc":{"start":{"line":241,"column":44},"end":{"line":245,"column":3}}},"29":{"name":"(anonymous_29)","decl":{"start":{"line":250,"column":12},"end":{"line":250,"column":null}},"loc":{"start":{"line":253,"column":42},"end":{"line":260,"column":3}}},"30":{"name":"(anonymous_30)","decl":{"start":{"line":256,"column":11},"end":{"line":256,"column":12}},"loc":{"start":{"line":256,"column":38},"end":{"line":259,"column":5}}},"31":{"name":"(anonymous_31)","decl":{"start":{"line":258,"column":29},"end":{"line":258,"column":32}},"loc":{"start":{"line":258,"column":35},"end":{"line":258,"column":57}}},"32":{"name":"(anonymous_32)","decl":{"start":{"line":262,"column":12},"end":{"line":262,"column":null}},"loc":{"start":{"line":265,"column":42},"end":{"line":275,"column":3}}},"33":{"name":"(anonymous_33)","decl":{"start":{"line":268,"column":11},"end":{"line":268,"column":12}},"loc":{"start":{"line":268,"column":38},"end":{"line":274,"column":5}}},"34":{"name":"(anonymous_34)","decl":{"start":{"line":272,"column":19},"end":{"line":272,"column":22}},"loc":{"start":{"line":272,"column":25},"end":{"line":272,"column":43}}},"35":{"name":"(anonymous_35)","decl":{"start":{"line":280,"column":18},"end":{"line":280,"column":19}},"loc":{"start":{"line":280,"column":111},"end":{"line":290,"column":3}}},"36":{"name":"(anonymous_36)","decl":{"start":{"line":292,"column":12},"end":{"line":292,"column":13}},"loc":{"start":{"line":292,"column":51},"end":{"line":297,"column":3}}},"37":{"name":"(anonymous_37)","decl":{"start":{"line":302,"column":12},"end":{"line":302,"column":24}},"loc":{"start":{"line":302,"column":26},"end":{"line":304,"column":3}}},"38":{"name":"(anonymous_38)","decl":{"start":{"line":306,"column":12},"end":{"line":306,"column":24}},"loc":{"start":{"line":306,"column":26},"end":{"line":308,"column":3}}},"39":{"name":"(anonymous_39)","decl":{"start":{"line":310,"column":13},"end":{"line":310,"column":25}},"loc":{"start":{"line":310,"column":27},"end":{"line":312,"column":3}}},"40":{"name":"(anonymous_40)","decl":{"start":{"line":314,"column":17},"end":{"line":314,"column":55}},"loc":{"start":{"line":314,"column":57},"end":{"line":323,"column":3}}}},"branchMap":{"0":{"loc":{"start":{"line":11,"column":13},"end":{"line":11,"column":43}},"type":"cond-expr","locations":[{"start":{"line":11,"column":20},"end":{"line":11,"column":36}},{"start":{"line":11,"column":39},"end":{"line":11,"column":43}}]},"1":{"loc":{"start":{"line":45,"column":11},"end":{"line":45,"column":87}},"type":"cond-expr","locations":[{"start":{"line":45,"column":71},"end":{"line":45,"column":77}},{"start":{"line":45,"column":80},"end":{"line":45,"column":87}}]},"2":{"loc":{"start":{"line":50,"column":24},"end":{"line":50,"column":129}},"type":"cond-expr","locations":[{"start":{"line":50,"column":45},"end":{"line":50,"column":121}},{"start":{"line":50,"column":124},"end":{"line":50,"column":129}}]},"3":{"loc":{"start":{"line":50,"column":45},"end":{"line":50,"column":121}},"type":"cond-expr","locations":[{"start":{"line":50,"column":105},"end":{"line":50,"column":111}},{"start":{"line":50,"column":114},"end":{"line":50,"column":121}}]},"4":{"loc":{"start":{"line":58,"column":11},"end":{"line":58,"column":61}},"type":"binary-expr","locations":[{"start":{"line":58,"column":11},"end":{"line":58,"column":49}},{"start":{"line":58,"column":53},"end":{"line":58,"column":61}}]},"5":{"loc":{"start":{"line":69,"column":11},"end":{"line":69,"column":66}},"type":"binary-expr","locations":[{"start":{"line":69,"column":11},"end":{"line":69,"column":55}},{"start":{"line":69,"column":59},"end":{"line":69,"column":66}}]},"6":{"loc":{"start":{"line":81,"column":4},"end":{"line":83,"column":5}},"type":"if","locations":[{"start":{"line":81,"column":4},"end":{"line":83,"column":5}}]},"7":{"loc":{"start":{"line":89,"column":11},"end":{"line":89,"column":45}},"type":"binary-expr","locations":[{"start":{"line":89,"column":11},"end":{"line":89,"column":34}},{"start":{"line":89,"column":38},"end":{"line":89,"column":45}}]},"8":{"loc":{"start":{"line":95,"column":103},"end":{"line":95,"column":129}},"type":"default-arg","locations":[{"start":{"line":95,"column":125},"end":{"line":95,"column":129}}]},"9":{"loc":{"start":{"line":99,"column":4},"end":{"line":105,"column":5}},"type":"if","locations":[{"start":{"line":99,"column":4},"end":{"line":105,"column":5}},{"start":{"line":101,"column":11},"end":{"line":105,"column":5}}]},"10":{"loc":{"start":{"line":101,"column":11},"end":{"line":105,"column":5}},"type":"if","locations":[{"start":{"line":101,"column":11},"end":{"line":105,"column":5}},{"start":{"line":103,"column":11},"end":{"line":105,"column":5}}]},"11":{"loc":{"start":{"line":101,"column":15},"end":{"line":101,"column":60}},"type":"binary-expr","locations":[{"start":{"line":101,"column":15},"end":{"line":101,"column":22}},{"start":{"line":101,"column":26},"end":{"line":101,"column":60}}]},"12":{"loc":{"start":{"line":103,"column":11},"end":{"line":105,"column":5}},"type":"if","locations":[{"start":{"line":103,"column":11},"end":{"line":105,"column":5}}]},"13":{"loc":{"start":{"line":113,"column":4},"end":{"line":119,"column":5}},"type":"if","locations":[{"start":{"line":113,"column":4},"end":{"line":119,"column":5}},{"start":{"line":115,"column":11},"end":{"line":119,"column":5}}]},"14":{"loc":{"start":{"line":115,"column":11},"end":{"line":119,"column":5}},"type":"if","locations":[{"start":{"line":115,"column":11},"end":{"line":119,"column":5}},{"start":{"line":117,"column":11},"end":{"line":119,"column":5}}]},"15":{"loc":{"start":{"line":117,"column":11},"end":{"line":119,"column":5}},"type":"if","locations":[{"start":{"line":117,"column":11},"end":{"line":119,"column":5}}]},"16":{"loc":{"start":{"line":127,"column":4},"end":{"line":131,"column":5}},"type":"if","locations":[{"start":{"line":127,"column":4},"end":{"line":131,"column":5}},{"start":{"line":129,"column":11},"end":{"line":131,"column":5}}]},"17":{"loc":{"start":{"line":129,"column":11},"end":{"line":131,"column":5}},"type":"if","locations":[{"start":{"line":129,"column":11},"end":{"line":131,"column":5}}]},"18":{"loc":{"start":{"line":139,"column":4},"end":{"line":145,"column":5}},"type":"if","locations":[{"start":{"line":139,"column":4},"end":{"line":145,"column":5}},{"start":{"line":141,"column":11},"end":{"line":145,"column":5}}]},"19":{"loc":{"start":{"line":141,"column":11},"end":{"line":145,"column":5}},"type":"if","locations":[{"start":{"line":141,"column":11},"end":{"line":145,"column":5}},{"start":{"line":143,"column":11},"end":{"line":145,"column":5}}]},"20":{"loc":{"start":{"line":143,"column":11},"end":{"line":145,"column":5}},"type":"if","locations":[{"start":{"line":143,"column":11},"end":{"line":145,"column":5}}]},"21":{"loc":{"start":{"line":156,"column":4},"end":{"line":156,"column":32}},"type":"if","locations":[{"start":{"line":156,"column":4},"end":{"line":156,"column":32}}]},"22":{"loc":{"start":{"line":159,"column":4},"end":{"line":159,"column":41}},"type":"if","locations":[{"start":{"line":159,"column":4},"end":{"line":159,"column":41}}]},"23":{"loc":{"start":{"line":160,"column":4},"end":{"line":160,"column":42}},"type":"if","locations":[{"start":{"line":160,"column":4},"end":{"line":160,"column":42}}]},"24":{"loc":{"start":{"line":163,"column":4},"end":{"line":163,"column":84}},"type":"if","locations":[{"start":{"line":163,"column":4},"end":{"line":163,"column":84}}]},"25":{"loc":{"start":{"line":164,"column":4},"end":{"line":164,"column":84}},"type":"if","locations":[{"start":{"line":164,"column":4},"end":{"line":164,"column":84}}]},"26":{"loc":{"start":{"line":165,"column":4},"end":{"line":165,"column":81}},"type":"if","locations":[{"start":{"line":165,"column":4},"end":{"line":165,"column":81}}]},"27":{"loc":{"start":{"line":166,"column":4},"end":{"line":166,"column":82}},"type":"if","locations":[{"start":{"line":166,"column":4},"end":{"line":166,"column":82}}]},"28":{"loc":{"start":{"line":178,"column":11},"end":{"line":178,"column":55}},"type":"binary-expr","locations":[{"start":{"line":178,"column":11},"end":{"line":178,"column":24}},{"start":{"line":178,"column":28},"end":{"line":178,"column":55}}]},"29":{"loc":{"start":{"line":183,"column":11},"end":{"line":183,"column":33}},"type":"binary-expr","locations":[{"start":{"line":183,"column":11},"end":{"line":183,"column":24}},{"start":{"line":183,"column":28},"end":{"line":183,"column":33}}]},"30":{"loc":{"start":{"line":189,"column":31},"end":{"line":189,"column":57}},"type":"default-arg","locations":[{"start":{"line":189,"column":53},"end":{"line":189,"column":57}}]},"31":{"loc":{"start":{"line":191,"column":4},"end":{"line":191,"column":41}},"type":"if","locations":[{"start":{"line":191,"column":4},"end":{"line":191,"column":41}}]},"32":{"loc":{"start":{"line":191,"column":8},"end":{"line":191,"column":26}},"type":"binary-expr","locations":[{"start":{"line":191,"column":8},"end":{"line":191,"column":16}},{"start":{"line":191,"column":20},"end":{"line":191,"column":26}}]},"33":{"loc":{"start":{"line":194,"column":4},"end":{"line":196,"column":5}},"type":"if","locations":[{"start":{"line":194,"column":4},"end":{"line":196,"column":5}}]},"34":{"loc":{"start":{"line":201,"column":36},"end":{"line":201,"column":60}},"type":"default-arg","locations":[{"start":{"line":201,"column":53},"end":{"line":201,"column":60}}]},"35":{"loc":{"start":{"line":202,"column":20},"end":{"line":202,"column":68}},"type":"cond-expr","locations":[{"start":{"line":202,"column":47},"end":{"line":202,"column":61}},{"start":{"line":202,"column":64},"end":{"line":202,"column":68}}]},"36":{"loc":{"start":{"line":210,"column":36},"end":{"line":210,"column":60}},"type":"default-arg","locations":[{"start":{"line":210,"column":53},"end":{"line":210,"column":60}}]},"37":{"loc":{"start":{"line":211,"column":20},"end":{"line":211,"column":68}},"type":"cond-expr","locations":[{"start":{"line":211,"column":47},"end":{"line":211,"column":61}},{"start":{"line":211,"column":64},"end":{"line":211,"column":68}}]},"38":{"loc":{"start":{"line":218,"column":33},"end":{"line":218,"column":57}},"type":"default-arg","locations":[{"start":{"line":218,"column":50},"end":{"line":218,"column":57}}]},"39":{"loc":{"start":{"line":223,"column":4},"end":{"line":223,"column":46}},"type":"if","locations":[{"start":{"line":223,"column":4},"end":{"line":223,"column":46}}]},"40":{"loc":{"start":{"line":269,"column":6},"end":{"line":273,"column":7}},"type":"if","locations":[{"start":{"line":269,"column":6},"end":{"line":273,"column":7}}]},"41":{"loc":{"start":{"line":281,"column":4},"end":{"line":283,"column":5}},"type":"if","locations":[{"start":{"line":281,"column":4},"end":{"line":283,"column":5}}]},"42":{"loc":{"start":{"line":285,"column":4},"end":{"line":287,"column":5}},"type":"if","locations":[{"start":{"line":285,"column":4},"end":{"line":287,"column":5}}]},"43":{"loc":{"start":{"line":293,"column":4},"end":{"line":295,"column":5}},"type":"if","locations":[{"start":{"line":293,"column":4},"end":{"line":295,"column":5}}]},"44":{"loc":{"start":{"line":294,"column":24},"end":{"line":294,"column":42}},"type":"binary-expr","locations":[{"start":{"line":294,"column":24},"end":{"line":294,"column":31}},{"start":{"line":294,"column":35},"end":{"line":294,"column":42}}]},"45":{"loc":{"start":{"line":311,"column":11},"end":{"line":311,"column":51}},"type":"binary-expr","locations":[{"start":{"line":311,"column":11},"end":{"line":311,"column":29}},{"start":{"line":311,"column":33},"end":{"line":311,"column":51}}]},"46":{"loc":{"start":{"line":318,"column":4},"end":{"line":318,"column":50}},"type":"if","locations":[{"start":{"line":318,"column":4},"end":{"line":318,"column":50}}]},"47":{"loc":{"start":{"line":319,"column":4},"end":{"line":319,"column":45}},"type":"if","locations":[{"start":{"line":319,"column":4},"end":{"line":319,"column":45}}]},"48":{"loc":{"start":{"line":320,"column":4},"end":{"line":320,"column":45}},"type":"if","locations":[{"start":{"line":320,"column":4},"end":{"line":320,"column":45}}]},"49":{"loc":{"start":{"line":321,"column":4},"end":{"line":321,"column":45}},"type":"if","locations":[{"start":{"line":321,"column":4},"end":{"line":321,"column":45}}]}},"s":{"0":0,"1":0,"2":0,"3":0,"4":0,"5":0,"6":0,"7":0,"8":0,"9":0,"10":0,"11":0,"12":0,"13":0,"14":0,"15":0,"16":0,"17":0,"18":0,"19":0,"20":0,"21":0,"22":0,"23":0,"24":0,"25":0,"26":0,"27":0,"28":0,"29":0,"30":0,"31":0,"32":0,"33":0,"34":0,"35":0,"36":0,"37":0,"38":0,"39":0,"40":0,"41":0,"42":0,"43":0,"44":0,"45":0,"46":0,"47":0,"48":0,"49":0,"50":0,"51":0,"52":0,"53":0,"54":0,"55":0,"56":0,"57":0,"58":0,"59":0,"60":0,"61":0,"62":0,"63":0,"64":0,"65":0,"66":0,"67":0,"68":0,"69":0,"70":0,"71":0,"72":0,"73":0,"74":0,"75":0,"76":0,"77":0,"78":0,"79":0,"80":0,"81":0,"82":0,"83":0,"84":0,"85":0,"86":0,"87":0,"88":0,"89":0,"90":0,"91":0,"92":0,"93":0,"94":0,"95":0,"96":0,"97":0,"98":0,"99":0,"100":0,"101":0,"102":0,"103":0,"104":0,"105":0,"106":0,"107":0,"108":0,"109":0,"110":0,"111":0,"112":0,"113":0,"114":0,"115":0,"116":0,"117":0,"118":0,"119":0,"120":0,"121":0,"122":0,"123":0,"124":0,"125":0,"126":0,"127":0,"128":0,"129":0,"130":0,"131":0,"132":0,"133":0,"134":0,"135":0,"136":0,"137":0,"138":0,"139":0,"140":0,"141":0,"142":0,"143":0,"144":0,"145":0,"146":0},"f":{"0":0,"1":0,"2":0,"3":0,"4":0,"5":0,"6":0,"7":0,"8":0,"9":0,"10":0,"11":0,"12":0,"13":0,"14":0,"15":0,"16":0,"17":0,"18":0,"19":0,"20":0,"21":0,"22":0,"23":0,"24":0,"25":0,"26":0,"27":0,"28":0,"29":0,"30":0,"31":0,"32":0,"33":0,"34":0,"35":0,"36":0,"37":0,"38":0,"39":0,"40":0},"b":{"0":[0,0],"1":[0,0],"2":[0,0],"3":[0,0],"4":[0,0],"5":[0,0],"6":[0],"7":[0,0],"8":[0],"9":[0,0],"10":[0,0],"11":[0,0],"12":[0],"13":[0,0],"14":[0,0],"15":[0],"16":[0,0],"17":[0],"18":[0,0],"19":[0,0],"20":[0],"21":[0],"22":[0],"23":[0],"24":[0],"25":[0],"26":[0],"27":[0],"28":[0,0],"29":[0,0],"30":[0],"31":[0],"32":[0,0],"33":[0],"34":[0],"35":[0,0],"36":[0],"37":[0,0],"38":[0],"39":[0],"40":[0],"41":[0],"42":[0],"43":[0],"44":[0,0],"45":[0,0],"46":[0],"47":[0],"48":[0],"49":[0]}}
}
