TN:
SF:src\App.tsx
FN:8,(anonymous_0)
FN:9,(anonymous_1)
FN:10,(anonymous_2)
FN:11,(anonymous_3)
FN:12,(anonymous_4)
FN:13,(anonymous_5)
FN:14,(anonymous_6)
FN:15,(anonymous_7)
FN:16,(anonymous_8)
FN:17,(anonymous_9)
FN:18,(anonymous_10)
FN:19,(anonymous_11)
FN:20,(anonymous_12)
FN:23,(anonymous_13)
FN:33,AppRoutes
FN:62,AppContent
FN:67,(anonymous_16)
FN:72,(anonymous_17)
FN:76,(anonymous_18)
FN:79,(anonymous_19)
FN:96,App
FNF:21
FNH:0
FNDA:0,(anonymous_0)
FNDA:0,(anonymous_1)
FNDA:0,(anonymous_2)
FNDA:0,(anonymous_3)
FNDA:0,(anonymous_4)
FNDA:0,(anonymous_5)
FNDA:0,(anonymous_6)
FNDA:0,(anonymous_7)
FNDA:0,(anonymous_8)
FNDA:0,(anonymous_9)
FNDA:0,(anonymous_10)
FNDA:0,(anonymous_11)
FNDA:0,(anonymous_12)
FNDA:0,(anonymous_13)
FNDA:0,AppRoutes
FNDA:0,AppContent
FNDA:0,(anonymous_16)
FNDA:0,(anonymous_17)
FNDA:0,(anonymous_18)
FNDA:0,(anonymous_19)
FNDA:0,App
DA:8,0
DA:9,0
DA:10,0
DA:11,0
DA:12,0
DA:13,0
DA:14,0
DA:15,0
DA:16,0
DA:17,0
DA:18,0
DA:19,0
DA:20,0
DA:23,0
DA:24,0
DA:34,0
DA:36,0
DA:63,0
DA:64,0
DA:65,0
DA:67,0
DA:69,0
DA:72,0
DA:73,0
DA:76,0
DA:79,0
DA:80,0
DA:83,0
DA:84,0
DA:87,0
DA:97,0
LF:31
LH:0
BRDA:83,0,0,0
BRF:1
BRH:0
end_of_record
TN:
SF:src\components\DigitCaptcha.tsx
FN:6,(anonymous_0)
FN:8,(anonymous_1)
FN:19,(anonymous_2)
FN:32,(anonymous_3)
FN:52,(anonymous_4)
FN:72,DigitCaptcha
FN:78,(anonymous_6)
FN:84,(anonymous_7)
FN:90,(anonymous_8)
FN:106,(anonymous_9)
FN:116,(anonymous_10)
FN:122,(anonymous_11)
FN:126,(anonymous_12)
FNF:13
FNH:0
FNDA:0,(anonymous_0)
FNDA:0,(anonymous_1)
FNDA:0,(anonymous_2)
FNDA:0,(anonymous_3)
FNDA:0,(anonymous_4)
FNDA:0,DigitCaptcha
FNDA:0,(anonymous_6)
FNDA:0,(anonymous_7)
FNDA:0,(anonymous_8)
FNDA:0,(anonymous_9)
FNDA:0,(anonymous_10)
FNDA:0,(anonymous_11)
FNDA:0,(anonymous_12)
DA:6,0
DA:8,0
DA:11,0
DA:12,0
DA:13,0
DA:19,0
DA:32,0
DA:52,0
DA:65,0
DA:73,0
DA:74,0
DA:75,0
DA:78,0
DA:79,0
DA:80,0
DA:84,0
DA:85,0
DA:87,0
DA:90,0
DA:91,0
DA:92,0
DA:94,0
DA:95,0
DA:97,0
DA:98,0
DA:101,0
DA:106,0
DA:108,0
DA:110,0
DA:111,0
DA:116,0
DA:117,0
DA:118,0
DA:122,0
DA:124,0
DA:126,0
DA:131,0
LF:37
LH:0
BRDA:6,0,0,0
BRDA:85,1,0,0
BRDA:94,2,0,0
BRDA:94,2,1,0
BRDA:110,3,0,0
BRDA:117,4,0,0
BRDA:117,5,0,0
BRDA:117,5,1,0
BRDA:178,6,0,0
BRDA:178,6,1,0
BRDA:179,7,0,0
BRDA:179,7,1,0
BRDA:179,8,0,0
BRDA:179,8,1,0
BRDA:180,9,0,0
BRDA:180,9,1,0
BRDA:180,10,0,0
BRDA:180,10,1,0
BRDA:183,11,0,0
BRDA:183,11,1,0
BRF:20
BRH:0
end_of_record
TN:
SF:src\components\Empty.tsx
FN:5,Empty
FN:7,(anonymous_1)
FNF:2
FNH:0
FNDA:0,Empty
FNDA:0,(anonymous_1)
DA:6,0
DA:7,0
LF:2
LH:0
BRF:0
BRH:0
end_of_record
TN:
SF:src\components\ImageCaptcha.tsx
FN:61,ImageCaptcha
FN:73,(anonymous_1)
FN:74,(anonymous_2)
FN:79,(anonymous_3)
FN:93,(anonymous_4)
FN:107,(anonymous_5)
FN:108,(anonymous_6)
FN:133,(anonymous_7)
FN:138,(anonymous_8)
FN:141,(anonymous_9)
FN:144,(anonymous_10)
FN:157,(anonymous_11)
FN:161,(anonymous_12)
FN:176,(anonymous_13)
FN:195,(anonymous_14)
FN:209,(anonymous_15)
FN:217,(anonymous_16)
FN:218,(anonymous_17)
FN:295,(anonymous_18)
FNF:19
FNH:0
FNDA:0,ImageCaptcha
FNDA:0,(anonymous_1)
FNDA:0,(anonymous_2)
FNDA:0,(anonymous_3)
FNDA:0,(anonymous_4)
FNDA:0,(anonymous_5)
FNDA:0,(anonymous_6)
FNDA:0,(anonymous_7)
FNDA:0,(anonymous_8)
FNDA:0,(anonymous_9)
FNDA:0,(anonymous_10)
FNDA:0,(anonymous_11)
FNDA:0,(anonymous_12)
FNDA:0,(anonymous_13)
FNDA:0,(anonymous_14)
FNDA:0,(anonymous_15)
FNDA:0,(anonymous_16)
FNDA:0,(anonymous_17)
FNDA:0,(anonymous_18)
DA:9,0
DA:63,0
DA:64,0
DA:65,0
DA:66,0
DA:67,0
DA:68,0
DA:69,0
DA:70,0
DA:73,0
DA:74,0
DA:79,0
DA:80,0
DA:81,0
DA:82,0
DA:83,0
DA:84,0
DA:87,0
DA:88,0
DA:89,0
DA:93,0
DA:94,0
DA:95,0
DA:96,0
DA:97,0
DA:98,0
DA:101,0
DA:102,0
DA:103,0
DA:107,0
DA:108,0
DA:109,0
DA:111,0
DA:112,0
DA:115,0
DA:117,0
DA:120,0
DA:121,0
DA:124,0
DA:128,0
DA:133,0
DA:134,0
DA:138,0
DA:139,0
DA:141,0
DA:143,0
DA:144,0
DA:148,0
DA:149,0
DA:152,0
DA:157,0
DA:158,0
DA:161,0
DA:162,0
DA:165,0
DA:166,0
DA:168,0
DA:169,0
DA:171,0
DA:176,0
DA:177,0
DA:180,0
DA:196,0
DA:209,0
DA:218,0
DA:219,0
DA:220,0
DA:297,0
DA:298,0
DA:299,0
LF:70
LH:0
BRDA:111,0,0,0
BRDA:115,1,0,0
BRDA:120,2,0,0
BRDA:120,2,1,0
BRDA:139,3,0,0
BRDA:139,4,0,0
BRDA:139,4,1,0
BRDA:143,5,0,0
BRDA:148,6,0,0
BRDA:158,7,0,0
BRDA:158,8,0,0
BRDA:158,8,1,0
BRDA:168,9,0,0
BRDA:168,9,1,0
BRDA:177,10,0,0
BRDA:177,10,1,0
BRDA:177,10,2,0
BRDA:186,11,0,0
BRDA:186,11,1,0
BRDA:199,12,0,0
BRDA:199,12,1,0
BRDA:202,13,0,0
BRDA:202,13,1,0
BRDA:203,14,0,0
BRDA:203,14,1,0
BRDA:205,15,0,0
BRDA:205,15,1,0
BRDA:206,16,0,0
BRDA:206,16,1,0
BRDA:206,17,0,0
BRDA:206,17,1,0
BRDA:226,18,0,0
BRDA:226,18,1,0
BRDA:233,19,0,0
BRDA:233,19,1,0
BRDA:233,19,2,0
BRDA:233,19,3,0
BRDA:246,20,0,0
BRDA:246,20,1,0
BRDA:248,21,0,0
BRDA:248,21,1,0
BRDA:276,22,0,0
BRDA:276,22,1,0
BRDA:287,23,0,0
BRDA:287,23,1,0
BRF:45
BRH:0
end_of_record
TN:
SF:src\components\LanguageSwitcher.tsx
FN:12,LanguageSwitcher
FN:25,(anonymous_1)
FN:28,(anonymous_2)
FNF:3
FNH:2
FNDA:9,LanguageSwitcher
FNDA:54,(anonymous_1)
FNDA:0,(anonymous_2)
DA:1,1
DA:3,1
DA:12,1
DA:13,9
DA:15,9
DA:26,54
DA:28,0
LF:7
LH:6
BRDA:30,0,0,9
BRDA:30,0,1,45
BRF:2
BRH:2
end_of_record
TN:
SF:src\constants\index.ts
FNF:0
FNH:0
DA:4,0
DA:5,0
DA:7,0
DA:17,0
DA:18,0
DA:21,0
DA:31,0
DA:62,0
DA:88,0
DA:96,0
DA:110,0
DA:118,0
DA:125,0
DA:148,0
DA:159,0
DA:168,0
DA:178,0
LF:17
LH:0
BRDA:25,0,0,0
BRDA:25,0,1,0
BRDA:26,1,0,0
BRDA:26,1,1,0
BRDA:27,2,0,0
BRDA:27,2,1,0
BRF:6
BRH:0
end_of_record
TN:
SF:src\contexts\authContext.ts
FN:5,(anonymous_0)
FN:6,(anonymous_1)
FNF:2
FNH:0
FNDA:0,(anonymous_0)
FNDA:0,(anonymous_1)
DA:1,6
DA:3,6
LF:2
LH:2
BRF:0
BRH:0
end_of_record
TN:
SF:src\hooks\useDebouncedValidation.ts
FN:3,(anonymous_0)
FN:11,(anonymous_1)
FN:16,(anonymous_2)
FN:25,(anonymous_3)
FN:26,(anonymous_4)
FNF:5
FNH:0
FNDA:0,(anonymous_0)
FNDA:0,(anonymous_1)
FNDA:0,(anonymous_2)
FNDA:0,(anonymous_3)
FNDA:0,(anonymous_4)
DA:3,0
DA:4,0
DA:9,0
DA:11,0
DA:12,0
DA:13,0
DA:16,0
DA:17,0
DA:18,0
DA:25,0
DA:26,0
DA:27,0
DA:28,0
DA:33,0
LF:14
LH:0
BRDA:3,0,0,0
BRDA:12,1,0,0
BRDA:20,2,0,0
BRDA:20,2,1,0
BRDA:27,3,0,0
BRF:5
BRH:0
end_of_record
TN:
SF:src\hooks\useI18n.ts
FN:4,(anonymous_0)
FN:8,(anonymous_1)
FN:10,(anonymous_2)
FN:13,(anonymous_3)
FN:17,(anonymous_4)
FN:26,(anonymous_5)
FN:32,(anonymous_6)
FN:35,(anonymous_7)
FN:41,(anonymous_8)
FN:47,(anonymous_9)
FNF:10
FNH:0
FNDA:0,(anonymous_0)
FNDA:0,(anonymous_1)
FNDA:0,(anonymous_2)
FNDA:0,(anonymous_3)
FNDA:0,(anonymous_4)
FNDA:0,(anonymous_5)
FNDA:0,(anonymous_6)
FNDA:0,(anonymous_7)
FNDA:0,(anonymous_8)
FNDA:0,(anonymous_9)
DA:4,0
DA:5,0
DA:6,0
DA:8,0
DA:10,0
DA:11,0
DA:12,0
DA:13,0
DA:17,0
DA:18,0
DA:19,0
DA:23,0
DA:24,0
DA:26,0
DA:27,0
DA:28,0
DA:32,0
DA:33,0
DA:34,0
DA:35,0
DA:38,0
DA:41,0
DA:43,0
DA:46,0
DA:47,0
DA:48,0
DA:52,0
DA:55,0
LF:28
LH:0
BRDA:18,0,0,0
BRDA:18,1,0,0
BRDA:18,1,1,0
BRDA:46,2,0,0
BRF:4
BRH:0
end_of_record
TN:
SF:src\hooks\useTheme.ts
FN:5,useTheme
FN:6,(anonymous_1)
FN:14,(anonymous_2)
FN:20,(anonymous_3)
FN:21,(anonymous_4)
FNF:5
FNH:0
FNDA:0,useTheme
FNDA:0,(anonymous_1)
FNDA:0,(anonymous_2)
FNDA:0,(anonymous_3)
FNDA:0,(anonymous_4)
DA:6,0
DA:7,0
DA:8,0
DA:9,0
DA:11,0
DA:14,0
DA:15,0
DA:16,0
DA:17,0
DA:20,0
DA:21,0
DA:24,0
LF:12
LH:0
BRDA:8,0,0,0
BRDA:11,1,0,0
BRDA:11,1,1,0
BRDA:21,2,0,0
BRDA:21,2,1,0
BRF:5
BRH:0
end_of_record
TN:
SF:src\lib\i18n.ts
FN:1573,(anonymous_0)
FN:1582,(anonymous_1)
FN:1590,(anonymous_2)
FN:1608,(anonymous_3)
FN:1615,(anonymous_4)
FNF:5
FNH:0
FNDA:0,(anonymous_0)
FNDA:0,(anonymous_1)
FNDA:0,(anonymous_2)
FNDA:0,(anonymous_3)
FNDA:0,(anonymous_4)
DA:2,0
DA:6,0
DA:9,0
DA:19,0
DA:1571,0
DA:1574,0
DA:1576,0
DA:1577,0
DA:1578,0
DA:1581,0
DA:1582,0
DA:1583,0
DA:1586,0
DA:1591,0
DA:1593,0
DA:1594,0
DA:1597,0
DA:1604,0
DA:1609,0
DA:1610,0
DA:1615,0
DA:1616,0
DA:1617,0
DA:1618,0
LF:24
LH:0
BRDA:1574,0,0,0
BRDA:1577,1,0,0
BRDA:1577,2,0,0
BRDA:1577,2,1,0
BRDA:1586,3,0,0
BRDA:1586,3,1,0
BRDA:1591,4,0,0
BRDA:1609,5,0,0
BRDA:1609,5,1,0
BRDA:1610,6,0,0
BRDA:1610,6,1,0
BRDA:1610,6,2,0
BRDA:1616,7,0,0
BRF:13
BRH:0
end_of_record
TN:
SF:src\lib\utils.ts
FN:4,cn
FN:13,generateRandomPhoneNumbers
FNF:2
FNH:0
FNDA:0,cn
FNDA:0,generateRandomPhoneNumbers
DA:5,0
DA:15,0
DA:16,0
DA:18,0
DA:20,0
DA:22,0
DA:23,0
DA:24,0
DA:26,0
DA:27,0
DA:31,0
DA:35,0
LF:12
LH:0
BRDA:26,0,0,0
BRF:1
BRH:0
end_of_record
TN:
SF:src\pages\Community.tsx
FN:79,(anonymous_9)
FN:88,(anonymous_10)
FN:114,(anonymous_11)
FN:127,(anonymous_12)
FN:142,Community
FN:222,(anonymous_14)
FN:228,(anonymous_15)
FN:233,(anonymous_16)
FN:239,(anonymous_17)
FN:243,(anonymous_18)
FN:256,(anonymous_19)
FN:263,(anonymous_20)
FN:334,(anonymous_21)
FN:369,(anonymous_22)
FN:385,(anonymous_23)
FN:390,(anonymous_24)
FN:405,(anonymous_25)
FN:425,(anonymous_26)
FN:475,(anonymous_27)
FN:485,(anonymous_28)
FNF:20
FNH:18
FNDA:61,(anonymous_9)
FNDA:2,(anonymous_10)
FNDA:159,(anonymous_11)
FNDA:130,(anonymous_12)
FNDA:13,Community
FNDA:13,(anonymous_14)
FNDA:8,(anonymous_15)
FNDA:1,(anonymous_16)
FNDA:2,(anonymous_17)
FNDA:2,(anonymous_18)
FNDA:1,(anonymous_19)
FNDA:1,(anonymous_20)
FNDA:2,(anonymous_21)
FNDA:61,(anonymous_22)
FNDA:0,(anonymous_23)
FNDA:26,(anonymous_24)
FNDA:1,(anonymous_25)
FNDA:0,(anonymous_26)
FNDA:130,(anonymous_27)
FNDA:65,(anonymous_28)
DA:1,1
DA:2,1
DA:3,1
DA:4,1
DA:5,1
DA:6,1
DA:9,1
DA:79,1
DA:80,61
DA:82,61
DA:88,2
DA:115,159
DA:127,1
DA:128,130
DA:142,1
DA:143,13
DA:144,13
DA:145,13
DA:146,13
DA:147,13
DA:148,13
DA:149,13
DA:152,13
DA:222,13
DA:223,13
DA:224,13
DA:228,13
DA:229,8
DA:233,13
DA:234,1
DA:235,1
DA:236,1
DA:239,13
DA:240,2
DA:243,13
DA:244,2
DA:245,1
DA:246,1
DA:247,1
DA:250,1
DA:251,0
DA:252,0
DA:255,1
DA:256,1
DA:257,1
DA:258,1
DA:259,1
DA:263,13
DA:264,1
DA:265,1
DA:266,1
DA:269,13
DA:334,2
DA:370,61
DA:385,0
DA:391,26
DA:392,26
DA:397,26
DA:405,1
DA:412,0
DA:416,0
DA:419,0
DA:425,0
DA:476,130
DA:486,65
LF:65
LH:58
BRDA:244,0,0,1
BRDA:250,1,0,0
BRDA:264,2,0,0
BRDA:264,3,0,1
BRDA:264,3,1,1
BRDA:287,4,0,11
BRDA:287,4,1,2
BRDA:345,5,0,1
BRDA:345,5,1,12
BRDA:379,6,0,13
BRDA:379,6,1,13
BRDA:392,7,0,26
BRDA:393,8,0,26
BRDA:393,8,1,13
BRDA:393,8,2,0
BRDA:401,9,0,13
BRDA:401,9,1,13
BRDA:412,10,0,0
BRDA:413,11,0,0
BRDA:413,11,1,0
BRDA:413,11,2,0
BRDA:413,11,3,0
BRF:22
BRH:14
end_of_record
TN:
SF:src\pages\CommunityTopic.tsx
FN:88,(anonymous_0)
FN:90,(anonymous_1)
FN:93,CommunityTopic
FN:102,(anonymous_3)
FN:120,(anonymous_4)
FN:134,(anonymous_5)
FN:162,(anonymous_6)
FN:165,(anonymous_7)
FN:170,(anonymous_8)
FN:185,(anonymous_9)
FN:251,(anonymous_10)
FN:280,(anonymous_11)
FN:300,(anonymous_12)
FN:312,(anonymous_13)
FN:331,(anonymous_14)
FN:349,(anonymous_15)
FN:386,(anonymous_16)
FN:409,(anonymous_17)
FNF:18
FNH:0
FNDA:0,(anonymous_0)
FNDA:0,(anonymous_1)
FNDA:0,CommunityTopic
FNDA:0,(anonymous_3)
FNDA:0,(anonymous_4)
FNDA:0,(anonymous_5)
FNDA:0,(anonymous_6)
FNDA:0,(anonymous_7)
FNDA:0,(anonymous_8)
FNDA:0,(anonymous_9)
FNDA:0,(anonymous_10)
FNDA:0,(anonymous_11)
FNDA:0,(anonymous_12)
FNDA:0,(anonymous_13)
FNDA:0,(anonymous_14)
FNDA:0,(anonymous_15)
FNDA:0,(anonymous_16)
FNDA:0,(anonymous_17)
DA:7,0
DA:88,0
DA:89,0
DA:90,0
DA:94,0
DA:95,0
DA:96,0
DA:97,0
DA:98,0
DA:99,0
DA:102,0
DA:103,0
DA:104,0
DA:105,0
DA:109,0
DA:110,0
DA:120,0
DA:121,0
DA:122,0
DA:123,0
DA:124,0
DA:127,0
DA:128,0
DA:129,0
DA:132,0
DA:134,0
DA:137,0
DA:146,0
DA:147,0
DA:153,0
DA:154,0
DA:156,0
DA:157,0
DA:162,0
DA:163,0
DA:165,0
DA:167,0
DA:168,0
DA:171,0
DA:178,0
DA:180,0
DA:185,0
DA:186,0
DA:198,0
DA:252,0
DA:281,0
DA:282,0
DA:283,0
DA:285,0
DA:300,0
DA:313,0
DA:314,0
DA:332,0
DA:349,0
DA:387,0
DA:410,0
LF:56
LH:0
BRDA:89,0,0,0
BRDA:103,1,0,0
BRDA:103,2,0,0
BRDA:103,2,1,0
BRDA:109,3,0,0
BRDA:121,4,0,0
BRDA:127,5,0,0
BRDA:146,6,0,0
BRDA:167,7,0,0
BRDA:171,8,0,0
BRDA:171,8,1,0
BRDA:172,9,0,0
BRDA:172,9,1,0
BRDA:216,10,0,0
BRDA:216,10,1,0
BRDA:281,11,0,0
BRDA:281,12,0,0
BRDA:281,12,1,0
BRDA:309,13,0,0
BRDA:309,13,1,0
BRDA:352,14,0,0
BRDA:352,14,1,0
BRDA:393,15,0,0
BRDA:393,15,1,0
BRF:24
BRH:0
end_of_record
TN:
SF:src\pages\Contact.tsx
FN:6,Contact
FN:17,(anonymous_1)
FN:23,(anonymous_2)
FN:25,(anonymous_3)
FN:28,(anonymous_4)
FN:59,(anonymous_5)
FNF:6
FNH:0
FNDA:0,Contact
FNDA:0,(anonymous_1)
FNDA:0,(anonymous_2)
FNDA:0,(anonymous_3)
FNDA:0,(anonymous_4)
FNDA:0,(anonymous_5)
DA:7,0
DA:8,0
DA:9,0
DA:15,0
DA:17,0
DA:18,0
DA:19,0
DA:20,0
DA:23,0
DA:24,0
DA:25,0
DA:28,0
DA:29,0
DA:32,0
DA:33,0
DA:34,0
DA:37,0
DA:38,0
DA:39,0
DA:42,0
DA:43,0
DA:44,0
DA:47,0
DA:48,0
DA:49,0
DA:52,0
DA:53,0
DA:54,0
DA:58,0
DA:59,0
DA:60,0
DA:61,0
DA:67,0
DA:71,0
LF:34
LH:0
BRDA:32,0,0,0
BRDA:37,1,0,0
BRDA:42,2,0,0
BRDA:47,3,0,0
BRDA:52,4,0,0
BRDA:89,5,0,0
BRDA:89,5,1,0
BRDA:199,6,0,0
BRDA:199,6,1,0
BRF:9
BRH:0
end_of_record
TN:
SF:src\pages\CourseDetail.tsx
FN:50,(anonymous_0)
FN:52,(anonymous_1)
FN:55,CourseDetail
FN:63,(anonymous_3)
FN:70,(anonymous_4)
FN:81,(anonymous_5)
FN:160,(anonymous_6)
FN:164,(anonymous_7)
FNF:8
FNH:0
FNDA:0,(anonymous_0)
FNDA:0,(anonymous_1)
FNDA:0,CourseDetail
FNDA:0,(anonymous_3)
FNDA:0,(anonymous_4)
FNDA:0,(anonymous_5)
FNDA:0,(anonymous_6)
FNDA:0,(anonymous_7)
DA:7,0
DA:50,0
DA:51,0
DA:52,0
DA:56,0
DA:57,0
DA:58,0
DA:59,0
DA:60,0
DA:63,0
DA:64,0
DA:65,0
DA:66,0
DA:70,0
DA:71,0
DA:72,0
DA:73,0
DA:74,0
DA:77,0
DA:78,0
DA:81,0
DA:82,0
DA:83,0
DA:84,0
DA:87,0
DA:88,0
DA:98,0
DA:161,0
DA:165,0
LF:29
LH:0
BRDA:51,0,0,0
BRDA:64,1,0,0
BRDA:64,2,0,0
BRDA:64,2,1,0
BRDA:71,3,0,0
BRDA:87,4,0,0
BRDA:116,5,0,0
BRDA:116,5,1,0
BRDA:148,6,0,0
BRDA:148,6,1,0
BRDA:182,7,0,0
BRDA:182,7,1,0
BRF:12
BRH:0
end_of_record
TN:
SF:src\pages\Courses.tsx
FN:13,Courses
FN:70,(anonymous_1)
FN:78,(anonymous_2)
FN:171,(anonymous_3)
FNF:4
FNH:3
FNDA:5,Courses
FNDA:1,(anonymous_1)
FNDA:0,(anonymous_2)
FNDA:30,(anonymous_3)
DA:1,1
DA:2,1
DA:3,1
DA:4,1
DA:5,1
DA:13,1
DA:14,5
DA:15,5
DA:16,5
DA:19,5
DA:70,5
DA:71,1
DA:72,1
DA:73,1
DA:77,5
DA:79,0
DA:80,0
DA:81,0
DA:82,0
DA:86,5
DA:172,30
LF:21
LH:17
BRDA:77,0,0,0
BRDA:77,0,1,5
BRDA:79,1,0,0
BRDA:80,2,0,0
BRDA:81,3,0,0
BRDA:104,4,0,5
BRDA:104,4,1,0
BRDA:149,5,0,5
BRDA:149,5,1,0
BRDA:150,6,0,0
BRDA:150,6,1,5
BRDA:151,7,0,0
BRDA:151,7,1,5
BRDA:152,8,0,0
BRDA:152,8,1,5
BRDA:207,9,0,5
BRDA:207,9,1,0
BRF:17
BRH:7
end_of_record
TN:
SF:src\pages\FAQ.tsx
FN:6,FAQ
FN:10,(anonymous_1)
FNF:2
FNH:0
FNDA:0,FAQ
FNDA:0,(anonymous_1)
DA:7,0
DA:8,0
DA:10,0
DA:11,0
DA:12,0
DA:13,0
DA:16,0
LF:7
LH:0
BRDA:34,0,0,0
BRDA:34,0,1,0
BRF:2
BRH:0
end_of_record
TN:
SF:src\pages\Help.tsx
FN:6,Help
FN:10,(anonymous_1)
FNF:2
FNH:0
FNDA:0,Help
FNDA:0,(anonymous_1)
DA:7,0
DA:8,0
DA:10,0
DA:11,0
DA:12,0
DA:13,0
DA:16,0
LF:7
LH:0
BRDA:34,0,0,0
BRDA:34,0,1,0
BRF:2
BRH:0
end_of_record
TN:
SF:src\pages\Home.tsx
FN:8,Home
FN:68,(anonymous_2)
FN:70,(anonymous_3)
FN:82,(anonymous_4)
FN:99,(anonymous_5)
FN:158,(anonymous_6)
FN:167,(anonymous_7)
FN:168,(anonymous_8)
FN:171,(anonymous_9)
FN:180,(anonymous_10)
FN:187,(anonymous_11)
FN:194,(anonymous_12)
FN:201,(anonymous_13)
FN:210,(anonymous_14)
FN:223,(anonymous_15)
FN:230,(anonymous_16)
FN:337,(anonymous_17)
FN:396,(anonymous_18)
FNF:18
FNH:7
FNDA:9,Home
FNDA:9,(anonymous_2)
FNDA:9,(anonymous_3)
FNDA:1,(anonymous_4)
FNDA:0,(anonymous_5)
FNDA:2,(anonymous_6)
FNDA:0,(anonymous_7)
FNDA:0,(anonymous_8)
FNDA:0,(anonymous_9)
FNDA:0,(anonymous_10)
FNDA:0,(anonymous_11)
FNDA:0,(anonymous_12)
FNDA:0,(anonymous_13)
FNDA:0,(anonymous_14)
FNDA:0,(anonymous_15)
FNDA:0,(anonymous_16)
FNDA:27,(anonymous_17)
FNDA:27,(anonymous_18)
DA:1,1
DA:2,1
DA:3,1
DA:4,1
DA:5,1
DA:6,1
DA:8,1
DA:9,9
DA:10,9
DA:11,9
DA:12,9
DA:13,9
DA:16,9
DA:44,9
DA:68,9
DA:70,9
DA:72,9
DA:75,9
DA:76,9
DA:77,0
DA:78,0
DA:82,9
DA:83,1
DA:84,1
DA:85,1
DA:88,9
DA:89,0
DA:99,0
DA:108,9
DA:158,2
DA:167,0
DA:168,0
DA:171,0
DA:180,0
DA:187,0
DA:194,0
DA:201,0
DA:211,0
DA:212,0
DA:223,0
DA:230,0
DA:338,27
DA:397,27
LF:43
LH:28
BRDA:76,0,0,0
BRDA:88,1,0,0
BRDA:132,2,0,2
BRDA:132,2,1,7
BRDA:159,3,0,1
BRDA:159,3,1,8
BRDA:161,4,0,1
BRDA:161,4,1,8
BRDA:166,5,0,9
BRDA:166,5,1,1
BRDA:208,6,0,0
BRDA:208,6,1,1
BRF:12
BRH:9
end_of_record
TN:
SF:src\pages\Login.tsx
FN:12,Login
FN:47,(anonymous_2)
FN:58,(anonymous_3)
FN:63,(anonymous_4)
FN:72,(anonymous_5)
FN:83,(anonymous_6)
FN:108,(anonymous_7)
FN:132,(anonymous_8)
FN:138,(anonymous_9)
FN:142,(anonymous_10)
FN:155,(anonymous_11)
FN:193,(anonymous_12)
FN:195,(anonymous_13)
FN:240,(anonymous_14)
FN:256,(anonymous_15)
FN:277,(anonymous_16)
FN:289,(anonymous_17)
FNF:17
FNH:11
FNDA:14,Login
FNDA:2,(anonymous_2)
FNDA:2,(anonymous_3)
FNDA:2,(anonymous_4)
FNDA:0,(anonymous_5)
FNDA:2,(anonymous_6)
FNDA:2,(anonymous_7)
FNDA:2,(anonymous_8)
FNDA:0,(anonymous_9)
FNDA:0,(anonymous_10)
FNDA:12,(anonymous_11)
FNDA:0,(anonymous_12)
FNDA:168,(anonymous_13)
FNDA:2,(anonymous_14)
FNDA:0,(anonymous_15)
FNDA:0,(anonymous_16)
FNDA:1,(anonymous_17)
DA:2,1
DA:3,1
DA:4,1
DA:5,1
DA:6,1
DA:7,1
DA:8,1
DA:9,1
DA:10,1
DA:12,1
DA:13,14
DA:14,14
DA:15,14
DA:16,14
DA:17,14
DA:18,14
DA:20,14
DA:23,14
DA:38,14
DA:40,14
DA:41,14
DA:47,14
DA:49,2
DA:51,2
DA:58,14
DA:59,2
DA:63,14
DA:64,2
DA:65,2
DA:66,2
DA:67,2
DA:72,14
DA:73,0
DA:74,0
DA:75,0
DA:76,0
DA:83,14
DA:84,2
DA:85,0
DA:86,0
DA:89,2
DA:90,0
DA:91,0
DA:94,2
DA:95,0
DA:96,0
DA:99,2
DA:100,0
DA:101,0
DA:105,2
DA:106,2
DA:108,2
DA:111,2
DA:112,2
DA:114,2
DA:115,1
DA:116,1
DA:117,1
DA:120,1
DA:121,1
DA:124,0
DA:125,0
DA:127,2
DA:132,14
DA:133,2
DA:134,2
DA:138,14
DA:139,0
DA:140,0
DA:142,0
DA:144,0
DA:145,0
DA:146,0
DA:148,0
DA:150,0
DA:155,14
DA:156,12
DA:159,14
DA:193,0
DA:196,168
DA:241,2
DA:242,2
DA:243,2
DA:256,0
DA:278,0
DA:290,1
DA:291,1
LF:87
LH:62
BRDA:59,0,0,2
BRDA:59,0,1,2
BRDA:59,0,2,2
BRDA:66,1,0,2
BRDA:75,2,0,0
BRDA:84,3,0,0
BRDA:89,4,0,0
BRDA:94,5,0,0
BRDA:99,6,0,0
BRDA:114,7,0,1
BRDA:114,7,1,1
BRDA:114,8,0,2
BRDA:114,8,1,2
BRDA:156,9,0,12
BRDA:156,9,1,12
BRDA:211,10,0,14
BRDA:211,10,1,0
BRDA:211,11,0,14
BRDA:211,11,1,0
BRDA:219,12,0,14
BRDA:219,12,1,8
BRDA:219,12,2,0
BRDA:237,13,0,0
BRDA:237,13,1,14
BRDA:242,14,0,2
BRDA:248,15,0,14
BRDA:248,15,1,0
BRDA:248,16,0,14
BRDA:248,16,1,0
BRDA:259,17,0,0
BRDA:259,17,1,14
BRDA:266,18,0,14
BRDA:266,18,1,6
BRDA:266,18,2,0
BRDA:275,19,0,14
BRDA:275,19,1,1
BRDA:301,20,0,14
BRDA:301,20,1,12
BRDA:306,21,0,2
BRDA:306,21,1,12
BRF:40
BRH:27
end_of_record
TN:
SF:src\pages\Privacy.tsx
FN:6,Privacy
FN:10,(anonymous_1)
FNF:2
FNH:0
FNDA:0,Privacy
FNDA:0,(anonymous_1)
DA:7,0
DA:8,0
DA:10,0
DA:11,0
DA:12,0
DA:13,0
DA:16,0
LF:7
LH:0
BRDA:34,0,0,0
BRDA:34,0,1,0
BRF:2
BRH:0
end_of_record
TN:
SF:src\pages\Register.tsx
FN:9,Register
FN:42,(anonymous_2)
FN:43,(anonymous_3)
FN:51,(anonymous_4)
FN:52,(anonymous_5)
FN:58,(anonymous_6)
FN:58,(anonymous_7)
FN:59,(anonymous_8)
FN:65,(anonymous_9)
FN:73,(anonymous_10)
FN:79,(anonymous_11)
FN:83,(anonymous_12)
FN:90,(anonymous_13)
FN:92,(anonymous_14)
FN:93,(anonymous_15)
FN:110,(anonymous_16)
FN:114,(anonymous_17)
FN:140,(anonymous_18)
FN:143,(anonymous_19)
FN:149,(anonymous_20)
FN:153,(anonymous_21)
FN:154,(anonymous_22)
FN:186,(anonymous_23)
FN:186,(anonymous_24)
FN:189,(anonymous_25)
FN:260,(anonymous_26)
FN:285,(anonymous_27)
FN:298,(anonymous_28)
FN:298,(anonymous_29)
FNF:29
FNH:20
FNDA:208,Register
FNDA:39,(anonymous_2)
FNDA:39,(anonymous_3)
FNDA:58,(anonymous_4)
FNDA:58,(anonymous_5)
FNDA:832,(anonymous_6)
FNDA:88,(anonymous_7)
FNDA:88,(anonymous_8)
FNDA:16,(anonymous_9)
FNDA:16,(anonymous_10)
FNDA:0,(anonymous_11)
FNDA:0,(anonymous_12)
FNDA:0,(anonymous_13)
FNDA:0,(anonymous_14)
FNDA:0,(anonymous_15)
FNDA:0,(anonymous_16)
FNDA:8,(anonymous_17)
FNDA:0,(anonymous_18)
FNDA:0,(anonymous_19)
FNDA:0,(anonymous_20)
FNDA:4,(anonymous_21)
FNDA:4,(anonymous_22)
FNDA:9,(anonymous_23)
FNDA:9,(anonymous_24)
FNDA:624,(anonymous_25)
FNDA:2,(anonymous_26)
FNDA:2,(anonymous_27)
FNDA:8,(anonymous_28)
FNDA:8,(anonymous_29)
DA:1,1
DA:2,1
DA:3,1
DA:4,1
DA:5,1
DA:6,1
DA:7,1
DA:9,1
DA:10,208
DA:11,208
DA:12,208
DA:14,208
DA:22,208
DA:31,208
DA:32,208
DA:35,208
DA:42,208
DA:43,39
DA:44,39
DA:45,0
DA:51,208
DA:52,58
DA:58,832
DA:59,88
DA:65,208
DA:66,16
DA:68,16
DA:69,0
DA:70,0
DA:73,16
DA:74,16
DA:75,16
DA:76,16
DA:79,0
DA:81,0
DA:83,0
DA:86,0
DA:87,0
DA:90,0
DA:92,0
DA:93,0
DA:94,0
DA:95,0
DA:96,0
DA:98,0
DA:103,0
DA:104,0
DA:106,0
DA:109,0
DA:110,0
DA:114,208
DA:115,8
DA:117,8
DA:120,8
DA:121,0
DA:122,0
DA:125,8
DA:126,0
DA:127,0
DA:130,8
DA:131,8
DA:132,8
DA:135,0
DA:136,0
DA:137,0
DA:140,0
DA:142,0
DA:143,0
DA:144,0
DA:145,0
DA:147,0
DA:149,0
DA:153,208
DA:154,4
DA:161,208
DA:186,9
DA:190,624
DA:260,2
DA:285,2
DA:298,8
LF:80
LH:46
BRDA:44,0,0,0
BRDA:54,1,0,58
BRDA:54,1,1,12
BRDA:66,2,0,0
BRDA:68,3,0,0
BRDA:74,4,0,16
BRDA:74,5,0,16
BRDA:74,5,1,16
BRDA:94,6,0,0
BRDA:95,7,0,0
BRDA:103,8,0,0
BRDA:103,8,1,0
BRDA:117,9,0,0
BRDA:120,10,0,0
BRDA:120,11,0,8
BRDA:120,11,1,8
BRDA:120,11,2,8
BRDA:125,12,0,0
BRDA:130,13,0,8
BRDA:135,14,0,0
BRDA:156,15,0,2
BRDA:156,15,1,2
BRDA:157,16,0,2
BRDA:157,16,1,2
BRDA:235,17,0,208
BRDA:235,17,1,208
BRDA:238,18,0,0
BRDA:238,18,1,208
BRDA:250,19,0,1
BRDA:250,19,1,207
BRDA:263,20,0,1
BRDA:263,20,1,207
BRDA:275,21,0,1
BRDA:275,21,1,207
BRDA:288,22,0,1
BRDA:288,22,1,207
BRDA:291,23,0,208
BRDA:291,23,1,1
BRDA:291,23,2,1
BRDA:304,24,0,208
BRDA:304,24,1,208
BRDA:304,24,2,10
BRDA:307,25,0,0
BRDA:307,25,1,208
BRF:44
BRH:31
end_of_record
TN:
SF:src\pages\TutorialDetail.tsx
FN:8,(anonymous_0)
FN:62,(anonymous_1)
FN:65,TutorialDetail
FN:74,(anonymous_3)
FN:81,(anonymous_4)
FN:189,(anonymous_5)
FN:248,(anonymous_6)
FNF:7
FNH:0
FNDA:0,(anonymous_0)
FNDA:0,(anonymous_1)
FNDA:0,TutorialDetail
FNDA:0,(anonymous_3)
FNDA:0,(anonymous_4)
FNDA:0,(anonymous_5)
FNDA:0,(anonymous_6)
DA:8,0
DA:9,0
DA:11,0
DA:62,0
DA:66,0
DA:67,0
DA:68,0
DA:69,0
DA:71,0
DA:74,0
DA:75,0
DA:76,0
DA:77,0
DA:81,0
DA:82,0
DA:83,0
DA:84,0
DA:87,0
DA:88,0
DA:98,0
DA:190,0
DA:249,0
LF:22
LH:0
BRDA:9,0,0,0
BRDA:75,1,0,0
BRDA:75,2,0,0
BRDA:75,2,1,0
BRDA:87,3,0,0
BRDA:116,4,0,0
BRDA:116,4,1,0
BRDA:144,5,0,0
BRDA:144,5,1,0
BRDA:185,6,0,0
BRDA:185,6,1,0
BRDA:185,6,2,0
BRDA:192,7,0,0
BRDA:192,7,1,0
BRDA:192,8,0,0
BRDA:192,8,1,0
BRDA:192,9,0,0
BRDA:192,9,1,0
BRF:18
BRH:0
end_of_record
TN:
SF:src\pages\Tutorials.tsx
FN:7,Tutorials
FN:76,(anonymous_1)
FN:168,(anonymous_2)
FNF:3
FNH:3
FNDA:6,Tutorials
FNDA:1,(anonymous_1)
FNDA:36,(anonymous_2)
DA:1,1
DA:2,1
DA:3,1
DA:4,1
DA:5,1
DA:7,1
DA:8,6
DA:9,6
DA:10,6
DA:13,6
DA:76,6
DA:77,1
DA:78,1
DA:79,1
DA:82,6
DA:169,36
LF:16
LH:16
BRDA:100,0,0,6
BRDA:100,0,1,0
BRF:2
BRH:1
end_of_record
TN:
SF:src\utils\index.ts
FN:8,(anonymous_0)
FN:17,(anonymous_1)
FN:25,(anonymous_2)
FN:33,(anonymous_3)
FN:44,(anonymous_4)
FN:48,(anonymous_5)
FN:57,(anonymous_6)
FN:61,(anonymous_7)
FN:68,(anonymous_8)
FN:72,(anonymous_9)
FN:76,(anonymous_10)
FN:87,(anonymous_11)
FN:95,(anonymous_12)
FN:97,(anonymous_13)
FN:110,(anonymous_14)
FN:124,(anonymous_15)
FN:136,(anonymous_16)
FN:153,(anonymous_17)
FN:171,(anonymous_18)
FN:181,(anonymous_19)
FN:189,(anonymous_20)
FN:190,(anonymous_21)
FN:201,(anonymous_22)
FN:210,(anonymous_23)
FN:218,(anonymous_24)
FN:222,(anonymous_25)
FN:230,(anonymous_26)
FN:235,(anonymous_27)
FN:241,(anonymous_28)
FN:250,(anonymous_29)
FN:256,(anonymous_30)
FN:258,(anonymous_31)
FN:262,(anonymous_32)
FN:268,(anonymous_33)
FN:272,(anonymous_34)
FN:280,(anonymous_35)
FN:292,(anonymous_36)
FN:302,(anonymous_37)
FN:306,(anonymous_38)
FN:310,(anonymous_39)
FN:314,(anonymous_40)
FNF:41
FNH:0
FNDA:0,(anonymous_0)
FNDA:0,(anonymous_1)
FNDA:0,(anonymous_2)
FNDA:0,(anonymous_3)
FNDA:0,(anonymous_4)
FNDA:0,(anonymous_5)
FNDA:0,(anonymous_6)
FNDA:0,(anonymous_7)
FNDA:0,(anonymous_8)
FNDA:0,(anonymous_9)
FNDA:0,(anonymous_10)
FNDA:0,(anonymous_11)
FNDA:0,(anonymous_12)
FNDA:0,(anonymous_13)
FNDA:0,(anonymous_14)
FNDA:0,(anonymous_15)
FNDA:0,(anonymous_16)
FNDA:0,(anonymous_17)
FNDA:0,(anonymous_18)
FNDA:0,(anonymous_19)
FNDA:0,(anonymous_20)
FNDA:0,(anonymous_21)
FNDA:0,(anonymous_22)
FNDA:0,(anonymous_23)
FNDA:0,(anonymous_24)
FNDA:0,(anonymous_25)
FNDA:0,(anonymous_26)
FNDA:0,(anonymous_27)
FNDA:0,(anonymous_28)
FNDA:0,(anonymous_29)
FNDA:0,(anonymous_30)
FNDA:0,(anonymous_31)
FNDA:0,(anonymous_32)
FNDA:0,(anonymous_33)
FNDA:0,(anonymous_34)
FNDA:0,(anonymous_35)
FNDA:0,(anonymous_36)
FNDA:0,(anonymous_37)
FNDA:0,(anonymous_38)
FNDA:0,(anonymous_39)
FNDA:0,(anonymous_40)
DA:7,0
DA:9,0
DA:10,0
DA:11,0
DA:13,0
DA:18,0
DA:19,0
DA:21,0
DA:26,0
DA:27,0
DA:29,0
DA:34,0
DA:35,0
DA:37,0
DA:43,0
DA:45,0
DA:49,0
DA:50,0
DA:52,0
DA:53,0
DA:54,0
DA:58,0
DA:62,0
DA:67,0
DA:69,0
DA:73,0
DA:77,0
DA:78,0
DA:81,0
DA:82,0
DA:86,0
DA:87,0
DA:89,0
DA:94,0
DA:96,0
DA:97,0
DA:99,0
DA:100,0
DA:101,0
DA:102,0
DA:103,0
DA:104,0
DA:107,0
DA:111,0
DA:113,0
DA:114,0
DA:115,0
DA:116,0
DA:117,0
DA:118,0
DA:121,0
DA:125,0
DA:127,0
DA:128,0
DA:129,0
DA:130,0
DA:133,0
DA:137,0
DA:139,0
DA:140,0
DA:141,0
DA:142,0
DA:143,0
DA:144,0
DA:147,0
DA:152,0
DA:154,0
DA:156,0
DA:159,0
DA:160,0
DA:163,0
DA:164,0
DA:165,0
DA:166,0
DA:168,0
DA:172,0
DA:178,0
DA:182,0
DA:183,0
DA:188,0
DA:190,0
DA:191,0
DA:194,0
DA:195,0
DA:198,0
DA:202,0
DA:203,0
DA:211,0
DA:212,0
DA:219,0
DA:223,0
DA:224,0
DA:229,0
DA:231,0
DA:232,0
DA:236,0
DA:237,0
DA:238,0
DA:242,0
DA:243,0
DA:244,0
DA:249,0
DA:256,0
DA:257,0
DA:258,0
DA:268,0
DA:269,0
DA:270,0
DA:271,0
DA:272,0
DA:279,0
DA:281,0
DA:282,0
DA:285,0
DA:286,0
DA:289,0
DA:293,0
DA:294,0
DA:301,0
DA:303,0
DA:307,0
DA:311,0
DA:315,0
DA:316,0
DA:318,0
DA:319,0
DA:320,0
DA:321,0
DA:322,0
LF:129
LH:0
BRDA:11,0,0,0
BRDA:11,0,1,0
BRDA:45,1,0,0
BRDA:45,1,1,0
BRDA:50,2,0,0
BRDA:50,2,1,0
BRDA:50,3,0,0
BRDA:50,3,1,0
BRDA:58,4,0,0
BRDA:58,4,1,0
BRDA:69,5,0,0
BRDA:69,5,1,0
BRDA:81,6,0,0
BRDA:89,7,0,0
BRDA:89,7,1,0
BRDA:95,8,0,0
BRDA:99,9,0,0
BRDA:99,9,1,0
BRDA:101,10,0,0
BRDA:101,10,1,0
BRDA:101,11,0,0
BRDA:101,11,1,0
BRDA:103,12,0,0
BRDA:113,13,0,0
BRDA:113,13,1,0
BRDA:115,14,0,0
BRDA:115,14,1,0
BRDA:117,15,0,0
BRDA:127,16,0,0
BRDA:127,16,1,0
BRDA:129,17,0,0
BRDA:139,18,0,0
BRDA:139,18,1,0
BRDA:141,19,0,0
BRDA:141,19,1,0
BRDA:143,20,0,0
BRDA:156,21,0,0
BRDA:159,22,0,0
BRDA:160,23,0,0
BRDA:163,24,0,0
BRDA:164,25,0,0
BRDA:165,26,0,0
BRDA:166,27,0,0
BRDA:178,28,0,0
BRDA:178,28,1,0
BRDA:183,29,0,0
BRDA:183,29,1,0
BRDA:189,30,0,0
BRDA:191,31,0,0
BRDA:191,32,0,0
BRDA:191,32,1,0
BRDA:194,33,0,0
BRDA:201,34,0,0
BRDA:202,35,0,0
BRDA:202,35,1,0
BRDA:210,36,0,0
BRDA:211,37,0,0
BRDA:211,37,1,0
BRDA:218,38,0,0
BRDA:223,39,0,0
BRDA:269,40,0,0
BRDA:281,41,0,0
BRDA:285,42,0,0
BRDA:293,43,0,0
BRDA:294,44,0,0
BRDA:294,44,1,0
BRDA:311,45,0,0
BRDA:311,45,1,0
BRDA:318,46,0,0
BRDA:319,47,0,0
BRDA:320,48,0,0
BRDA:321,49,0,0
BRF:72
BRH:0
end_of_record
